Arguments: 
  /home/reeveng/.nvm/versions/node/v18.2.0/bin/node /usr/local/bin/yarn add @heroicons/react~

PATH: 
  /home/reeveng/.nvm/versions/node/v18.2.0/bin:/home/reeveng/.local/bin:/usr/local/sbin:/usr/local/bin:/usr/sbin:/usr/bin:/sbin:/bin:/usr/games:/usr/local/games:/snap/bin:/snap/bin

Yarn version: 
  1.22.18

Node version: 
  18.2.0

Platform: 
  linux x64

Trace: 
  Error: https://registry.yarnpkg.com/@heroicons%2freact~: Not found
      at params.callback [as _callback] (/usr/local/lib/node_modules/yarn/lib/cli.js:66138:18)
      at self.callback (/usr/local/lib/node_modules/yarn/lib/cli.js:140883:22)
      at Request.emit (node:events:527:28)
      at Request.<anonymous> (/usr/local/lib/node_modules/yarn/lib/cli.js:141855:10)
      at Request.emit (node:events:527:28)
      at IncomingMessage.<anonymous> (/usr/local/lib/node_modules/yarn/lib/cli.js:141777:12)
      at Object.onceWrapper (node:events:641:28)
      at IncomingMessage.emit (node:events:539:35)
      at endReadableNT (node:internal/streams/readable:1344:12)
      at process.processTicksAndRejections (node:internal/process/task_queues:82:21)

npm manifest: 
  {
    "private": true,
    "scripts": {
      "dev": "next",
      "build": "next build",
      "start": "next start"
    },
    "dependencies": {
      "@chakra-ui/icons": "^2.0.2",
      "@chakra-ui/react": "^2.2.1",
      "@chakra-ui/theme-tools": "^2.0.2",
      "@emotion/react": "^11.9.0",
      "@emotion/styled": "^11.9.0",
      "axios": "^1.1.2",
      "framer-motion": "^6.3.0",
      "lodash.debounce": "^4.0.8",
      "next": "latest",
      "react": "^18.2.0",
      "react-dom": "^18.2.0"
    },
    "devDependencies": {
      "@types/node": "^18.0.0",
      "@types/react": "^18.0.0",
      "@types/react-dom": "^18.0.0",
      "typescript": "^4.7.2"
    }
  }

yarn manifest: 
  No manifest

Lockfile: 
  # THIS IS AN AUTOGENERATED FILE. DO NOT EDIT THIS FILE DIRECTLY.
  # yarn lockfile v1
  
  
  "@babel/code-frame@^7.0.0":
    version "7.18.6"
    resolved "https://registry.npmjs.org/@babel/code-frame/-/code-frame-7.18.6.tgz"
    integrity sha512-TDCmlK5eOvH+eH7cdAFlNXeVJqWIQ7gW9tY1GJIpUtFb6CmjVyq2VM3u71bOyR8CRihcCgMUYoDNyLXao3+70Q==
    dependencies:
      "@babel/highlight" "^7.18.6"
  
  "@babel/helper-module-imports@^7.16.7":
    version "7.18.6"
    resolved "https://registry.npmjs.org/@babel/helper-module-imports/-/helper-module-imports-7.18.6.tgz"
    integrity sha512-0NFvs3VkuSYbFi1x2Vd6tKrywq+z/cLeYC/RJNFrIX/30Bf5aiGYbtvGXolEktzJH8o5E5KJ3tT+nkxuuZFVlA==
    dependencies:
      "@babel/types" "^7.18.6"
  
  "@babel/helper-plugin-utils@^7.18.6":
    version "7.19.0"
    resolved "https://registry.npmjs.org/@babel/helper-plugin-utils/-/helper-plugin-utils-7.19.0.tgz"
    integrity sha512-40Ryx7I8mT+0gaNxm8JGTZFUITNqdLAgdg0hXzeVZxVD6nFsdhQvip6v8dqkRHzsz1VFpFAaOCHNn0vKBL7Czw==
  
  "@babel/helper-string-parser@^7.19.4":
    version "7.19.4"
    resolved "https://registry.npmjs.org/@babel/helper-string-parser/-/helper-string-parser-7.19.4.tgz"
    integrity sha512-nHtDoQcuqFmwYNYPz3Rah5ph2p8PFeFCsZk9A/48dPc/rGocJ5J3hAAZ7pb76VWX3fZKu+uEr/FhH5jLx7umrw==
  
  "@babel/helper-validator-identifier@^7.18.6", "@babel/helper-validator-identifier@^7.19.1":
    version "7.19.1"
    resolved "https://registry.npmjs.org/@babel/helper-validator-identifier/-/helper-validator-identifier-7.19.1.tgz"
    integrity sha512-awrNfaMtnHUr653GgGEs++LlAvW6w+DcPrOliSMXWCKo597CwL5Acf/wWdNkf/tfEQE3mjkeD1YOVZOUV/od1w==
  
  "@babel/highlight@^7.18.6":
    version "7.18.6"
    resolved "https://registry.npmjs.org/@babel/highlight/-/highlight-7.18.6.tgz"
    integrity sha512-u7stbOuYjaPezCuLj29hNW1v64M2Md2qupEKP1fHc7WdOA3DgLh37suiSrZYY7haUB7iBeQZ9P1uiRF359do3g==
    dependencies:
      "@babel/helper-validator-identifier" "^7.18.6"
      chalk "^2.0.0"
      js-tokens "^4.0.0"
  
  "@babel/plugin-syntax-jsx@^7.17.12":
    version "7.18.6"
    resolved "https://registry.npmjs.org/@babel/plugin-syntax-jsx/-/plugin-syntax-jsx-7.18.6.tgz"
    integrity sha512-6mmljtAedFGTWu2p/8WIORGwy+61PLgOMPOdazc7YoJ9ZCWUyFy3A6CpPkRKLKD1ToAesxX8KGEViAiLo9N+7Q==
    dependencies:
      "@babel/helper-plugin-utils" "^7.18.6"
  
  "@babel/runtime@^7.0.0", "@babel/runtime@^7.12.13", "@babel/runtime@^7.12.5", "@babel/runtime@^7.18.3":
    version "7.19.0"
    resolved "https://registry.npmjs.org/@babel/runtime/-/runtime-7.19.0.tgz"
    integrity sha512-eR8Lo9hnDS7tqkO7NsV+mKvCmv5boaXFSZ70DnfhcgiEne8hv9oCEd36Klw74EtizEqLsy4YnW8UWwpBVolHZA==
    dependencies:
      regenerator-runtime "^0.13.4"
  
  "@babel/types@^7.18.6":
    version "7.19.4"
    resolved "https://registry.npmjs.org/@babel/types/-/types-7.19.4.tgz"
    integrity sha512-M5LK7nAeS6+9j7hAq+b3fQs+pNfUtTGq+yFFfHnauFA8zQtLRfmuipmsKDKKLuyG+wC8ABW43A153YNawNTEtw==
    dependencies:
      "@babel/helper-string-parser" "^7.19.4"
      "@babel/helper-validator-identifier" "^7.19.1"
      to-fast-properties "^2.0.0"
  
  "@chakra-ui/accordion@2.0.12":
    version "2.0.12"
    resolved "https://registry.npmjs.org/@chakra-ui/accordion/-/accordion-2.0.12.tgz"
    integrity sha512-O3qq8mILo1QODjCGr2xwxC5LNFakBoMzTjEgpvpIMynxWc/1RKfGuFLis3IDfpHIicXmBTK6sNiZXewmna88CQ==
    dependencies:
      "@chakra-ui/descendant" "3.0.9"
      "@chakra-ui/icon" "3.0.9"
      "@chakra-ui/react-context" "2.0.3"
      "@chakra-ui/react-use-controllable-state" "2.0.3"
      "@chakra-ui/react-use-merge-refs" "2.0.3"
      "@chakra-ui/transition" "2.0.9"
  
  "@chakra-ui/alert@2.0.9":
    version "2.0.9"
    resolved "https://registry.npmjs.org/@chakra-ui/alert/-/alert-2.0.9.tgz"
    integrity sha512-hFRIh6ZzQJ0sAESRym15mW/mcZE/yu4z6lFtdToBhpfSlhZLuE7gDdOTxqGkg417hY//48NiNXOCoQ2dUUuHKw==
    dependencies:
      "@chakra-ui/icon" "3.0.9"
      "@chakra-ui/react-context" "2.0.3"
      "@chakra-ui/spinner" "2.0.9"
  
  "@chakra-ui/anatomy@2.0.6":
    version "2.0.6"
    resolved "https://registry.npmjs.org/@chakra-ui/anatomy/-/anatomy-2.0.6.tgz"
    integrity sha512-Vgop2FFdhVtX7BydjZdJWZAWy+DdXBU1IMaBppz6COaH+/7OXxoI2ec2bs17ehJyBO0M+ud3OLj5UCFQ79YsoQ==
  
  "@chakra-ui/avatar@2.1.0":
    version "2.1.0"
    resolved "https://registry.npmjs.org/@chakra-ui/avatar/-/avatar-2.1.0.tgz"
    integrity sha512-SRQeH6NNvIBgUc4OsO14ypvcn8I66ndw7r4piIkm+R2zqbYnrzpp1d2zNPNHkChc4xQY71/GenenYO5Fhsi2DA==
    dependencies:
      "@chakra-ui/image" "2.0.10"
      "@chakra-ui/react-children-utils" "2.0.1"
      "@chakra-ui/react-context" "2.0.3"
  
  "@chakra-ui/breadcrumb@2.0.9":
    version "2.0.9"
    resolved "https://registry.npmjs.org/@chakra-ui/breadcrumb/-/breadcrumb-2.0.9.tgz"
    integrity sha512-cc3WbxrJNRUph4v45qCdcIKJI0xECeV9VikQNIactBB+iexN4d+5P66xZABAkD8wWGmyH5KuSZcd9sFYNmC13w==
    dependencies:
      "@chakra-ui/react-children-utils" "2.0.1"
      "@chakra-ui/react-context" "2.0.3"
  
  "@chakra-ui/breakpoint-utils@2.0.3":
    version "2.0.3"
    resolved "https://registry.npmjs.org/@chakra-ui/breakpoint-utils/-/breakpoint-utils-2.0.3.tgz"
    integrity sha512-smi41ZtaiPw4mXaCgicyAh5M45Drt20wypThP+qQUT2CQ51UFZhYlItRA2lCXKQ9QB83POcHPC/oAwIsNOAfTg==
  
  "@chakra-ui/button@2.0.9":
    version "2.0.9"
    resolved "https://registry.npmjs.org/@chakra-ui/button/-/button-2.0.9.tgz"
    integrity sha512-4BuDBiBlChHW1rQ9iod9MKs87AY3IyvZQwjV3DZTU4IG0KcDDfLQf++jj4dkg9Ttu+pIWhwF42pzA40JxW1oNg==
    dependencies:
      "@chakra-ui/react-context" "2.0.3"
      "@chakra-ui/react-use-merge-refs" "2.0.3"
      "@chakra-ui/spinner" "2.0.9"
  
  "@chakra-ui/checkbox@2.1.8":
    version "2.1.8"
    resolved "https://registry.npmjs.org/@chakra-ui/checkbox/-/checkbox-2.1.8.tgz"
    integrity sha512-HhRs3nwTFoIE/UpX4N2AZxxW39Xm/Vw01HjwP/59X60kdKs3RBXlm52cODkfUDfveyT9o5ezLhU/jRf0qA909Q==
    dependencies:
      "@chakra-ui/form-control" "2.0.9"
      "@chakra-ui/react-context" "2.0.3"
      "@chakra-ui/react-types" "2.0.3"
      "@chakra-ui/react-use-callback-ref" "2.0.3"
      "@chakra-ui/react-use-controllable-state" "2.0.3"
      "@chakra-ui/react-use-merge-refs" "2.0.3"
      "@chakra-ui/react-use-safe-layout-effect" "2.0.1"
      "@chakra-ui/react-use-update-effect" "2.0.3"
      "@chakra-ui/visually-hidden" "2.0.9"
      "@zag-js/focus-visible" "0.1.0"
  
  "@chakra-ui/clickable@2.0.9":
    version "2.0.9"
    resolved "https://registry.npmjs.org/@chakra-ui/clickable/-/clickable-2.0.9.tgz"
    integrity sha512-tGXYM6M6I954fif98QkNu5M76oBZmksCTj2mILOan9/BSimpFpu06aPGX3ZIkNsz300nIObn0FdtMvKpIEQueA==
    dependencies:
      "@chakra-ui/react-use-merge-refs" "2.0.3"
  
  "@chakra-ui/close-button@2.0.9":
    version "2.0.9"
    resolved "https://registry.npmjs.org/@chakra-ui/close-button/-/close-button-2.0.9.tgz"
    integrity sha512-0RI/zLR+/mycGbYCCwDAc9hAVG7IIVmdikmo1ET7+rYip4TN94aWR0hA4dYtWqqghG1oW/pYQ9Yja6fEY90V5w==
    dependencies:
      "@chakra-ui/icon" "3.0.9"
  
  "@chakra-ui/color-mode@2.1.7":
    version "2.1.7"
    resolved "https://registry.npmjs.org/@chakra-ui/color-mode/-/color-mode-2.1.7.tgz"
    integrity sha512-GAoKJzVRQeuEfCa2i0BZdMwxuOoaGknU3+5wgvLuaSpwlov4OyqpjKMRdSdpjr4IFiqqHK47dsr3H4LQsbO+9w==
    dependencies:
      "@chakra-ui/react-use-safe-layout-effect" "2.0.1"
  
  "@chakra-ui/control-box@2.0.9":
    version "2.0.9"
    resolved "https://registry.npmjs.org/@chakra-ui/control-box/-/control-box-2.0.9.tgz"
    integrity sha512-/viS9OBah1wCLNZbgfwkoQOnVRUYgp8Gypjqk9QNQwnNdFUTEgWc1RWN+1RYO85esJzHLkA2hZFIrYu1TZeZ6g==
  
  "@chakra-ui/counter@2.0.9":
    version "2.0.9"
    resolved "https://registry.npmjs.org/@chakra-ui/counter/-/counter-2.0.9.tgz"
    integrity sha512-LuqtpyxCOZM19gAmV0vtVeaFd9ccPmEjoGJQ0NoO8CFheltgLC/7m/8YpDbgWiG4+BAkTUfIG+5nLg5hwvvQxw==
    dependencies:
      "@chakra-ui/number-utils" "2.0.3"
      "@chakra-ui/react-use-callback-ref" "2.0.3"
  
  "@chakra-ui/css-reset@2.0.7":
    version "2.0.7"
    resolved "https://registry.npmjs.org/@chakra-ui/css-reset/-/css-reset-2.0.7.tgz"
    integrity sha512-ztGdFQ6U1hX2k6a3HZ8D3A/dZWVxlGe2F5mvUrRU554mFWBYmsq0ydZ7UBEPlykv9NoCz4nN8VCkIxcKJ3p29Q==
  
  "@chakra-ui/descendant@3.0.9":
    version "3.0.9"
    resolved "https://registry.npmjs.org/@chakra-ui/descendant/-/descendant-3.0.9.tgz"
    integrity sha512-30E5yMWvxgBx43PoI/67r9h9OhbpDfLb/MLOCjtEwebSbD0V5+fmnmCoUELScQbhozQVjA9t195X6UP0VQWj8w==
    dependencies:
      "@chakra-ui/react-context" "2.0.3"
      "@chakra-ui/react-use-merge-refs" "2.0.3"
  
  "@chakra-ui/dom-utils@2.0.1":
    version "2.0.1"
    resolved "https://registry.npmjs.org/@chakra-ui/dom-utils/-/dom-utils-2.0.1.tgz"
    integrity sha512-sbob9AHQq1+KIQ3XKslafislwtC8pYcpwM0S1SLzgyZumHRwhDimKwdi4MtRQfOCenub0E3diRjp4RpGRL0JuQ==
  
  "@chakra-ui/editable@2.0.9":
    version "2.0.9"
    resolved "https://registry.npmjs.org/@chakra-ui/editable/-/editable-2.0.9.tgz"
    integrity sha512-s5F3UMR09s6ga3eVhw0UBMGmegtxg6jCp29VLqaEwP5BuWIEOjcJz358gTlnFr3dhvb31e3rcr+B1XiYv4wxqg==
    dependencies:
      "@chakra-ui/react-context" "2.0.3"
      "@chakra-ui/react-types" "2.0.3"
      "@chakra-ui/react-use-controllable-state" "2.0.3"
      "@chakra-ui/react-use-focus-on-pointer-down" "2.0.1"
      "@chakra-ui/react-use-merge-refs" "2.0.3"
      "@chakra-ui/react-use-safe-layout-effect" "2.0.1"
      "@chakra-ui/react-use-update-effect" "2.0.3"
      "@chakra-ui/shared-utils" "2.0.1"
  
  "@chakra-ui/event-utils@2.0.4":
    version "2.0.4"
    resolved "https://registry.npmjs.org/@chakra-ui/event-utils/-/event-utils-2.0.4.tgz"
    integrity sha512-J2YgAM5Dw9hMkwfMsWhsiAG848GfTMxNclUIUcgV9RQhLEs0eTFhelzNiKVOMA3vBxlT6lOARuRun/ESiFZgGg==
  
  "@chakra-ui/focus-lock@2.0.10":
    version "2.0.10"
    resolved "https://registry.npmjs.org/@chakra-ui/focus-lock/-/focus-lock-2.0.10.tgz"
    integrity sha512-LeRZYzwfJp0eq84oO8e1pC2qC8v8fJw/P4nYDrCDjuJU753DV6nVjp5MKMRqbkp+6IAElPc+ojy/sp2a9GCocw==
    dependencies:
      "@chakra-ui/dom-utils" "2.0.1"
      react-focus-lock "^2.9.1"
  
  "@chakra-ui/form-control@2.0.9":
    version "2.0.9"
    resolved "https://registry.npmjs.org/@chakra-ui/form-control/-/form-control-2.0.9.tgz"
    integrity sha512-P8Tr45z/XSAa1m6uAma0eKf1h7Ltg2sLj2jK5YhaXJER9VUUY18iGe96D4JrAXlgEWDhTyWMb63nB+eYO1tKtw==
    dependencies:
      "@chakra-ui/icon" "3.0.9"
      "@chakra-ui/react-context" "2.0.3"
      "@chakra-ui/react-types" "2.0.3"
      "@chakra-ui/react-use-merge-refs" "2.0.3"
  
  "@chakra-ui/hooks@2.0.9":
    version "2.0.9"
    resolved "https://registry.npmjs.org/@chakra-ui/hooks/-/hooks-2.0.9.tgz"
    integrity sha512-0JRgEPtsBaXr9nQW1xEKlWGA7WwFbLNqac7fQXp9zQvoHOWTfNJkK/NJaVBvyFPgfTLxy37WKHooVSwNG/Lwmg==
    dependencies:
      "@chakra-ui/react-utils" "2.0.6"
      "@chakra-ui/utils" "2.0.9"
      compute-scroll-into-view "1.0.14"
      copy-to-clipboard "3.3.1"
  
  "@chakra-ui/icon@3.0.9":
    version "3.0.9"
    resolved "https://registry.npmjs.org/@chakra-ui/icon/-/icon-3.0.9.tgz"
    integrity sha512-P2Pwm/za6m1W1oqL2kGHH6XrrymsBjqYAFwOW2lB5Q6mI1e+RYe/iMxDoPSLHMYhqdfH7vyib/ffE3Vv3a5oTA==
    dependencies:
      "@chakra-ui/shared-utils" "2.0.1"
  
  "@chakra-ui/icons@^2.0.2":
    version "2.0.9"
    resolved "https://registry.npmjs.org/@chakra-ui/icons/-/icons-2.0.9.tgz"
    integrity sha512-6xvV2rC8wATgfnRH+fC9mi0nLcgKjhHKO29lV1pGioVI0yWK0dqc//zjcyBhMMpW5ABnSfig7ujVBf3op/Syzg==
    dependencies:
      "@chakra-ui/icon" "3.0.9"
  
  "@chakra-ui/image@2.0.10":
    version "2.0.10"
    resolved "https://registry.npmjs.org/@chakra-ui/image/-/image-2.0.10.tgz"
    integrity sha512-Atc1bdog4V5xv7IbpF2F2UkKWfgG/TD74cIac09JuSpQcYyh7lrJ7iVvhTkeP+LDdCs+QCD7SnTUM4Y0ZlaHbA==
    dependencies:
      "@chakra-ui/react-use-safe-layout-effect" "2.0.1"
  
  "@chakra-ui/input@2.0.9":
    version "2.0.9"
    resolved "https://registry.npmjs.org/@chakra-ui/input/-/input-2.0.9.tgz"
    integrity sha512-6MKydxTyF7JV7PtQHircQ5HBTd6Ik9Vn7p8fCLeAieT0TK8UQTxMWZVPminS7TRWMutrq8W99DcQOBlMz0cKrw==
    dependencies:
      "@chakra-ui/form-control" "2.0.9"
      "@chakra-ui/object-utils" "2.0.3"
      "@chakra-ui/react-children-utils" "2.0.1"
      "@chakra-ui/react-context" "2.0.3"
      "@chakra-ui/shared-utils" "2.0.1"
  
  "@chakra-ui/layout@2.1.6":
    version "2.1.6"
    resolved "https://registry.npmjs.org/@chakra-ui/layout/-/layout-2.1.6.tgz"
    integrity sha512-QDNaVu44UI46c+YlSF1KrzJkiwua0UtRXNTnR3jBE1uzcuqRow7xgr3E60dLphY2cPFqAljfQZUNlP3sgvCLww==
    dependencies:
      "@chakra-ui/breakpoint-utils" "2.0.3"
      "@chakra-ui/icon" "3.0.9"
      "@chakra-ui/object-utils" "2.0.3"
      "@chakra-ui/react-children-utils" "2.0.1"
      "@chakra-ui/react-context" "2.0.3"
      "@chakra-ui/shared-utils" "2.0.1"
  
  "@chakra-ui/lazy-utils@2.0.1":
    version "2.0.1"
    resolved "https://registry.npmjs.org/@chakra-ui/lazy-utils/-/lazy-utils-2.0.1.tgz"
    integrity sha512-986YjYq+hEzHDLZiqYlYbdqfiKdC3h2g896Eoe5K2UXtAVxqZI3UOnMH781X6N1R7rGJWquskzG681qFigW/BA==
  
  "@chakra-ui/live-region@2.0.9":
    version "2.0.9"
    resolved "https://registry.npmjs.org/@chakra-ui/live-region/-/live-region-2.0.9.tgz"
    integrity sha512-ilbo/C5wcUoSHDU5owFPQP3KsabPYGzDEbwV+Z76BlyNdFN2PD0j13RGEH+sBNNZ3HzLyyuuc1YmkVcJi7ycQg==
  
  "@chakra-ui/media-query@3.2.5":
    version "3.2.5"
    resolved "https://registry.npmjs.org/@chakra-ui/media-query/-/media-query-3.2.5.tgz"
    integrity sha512-V+Dngi/r7u/uj7JhsZerM1RI597Oo4wED2ojNfclnnEVb/IoqktiuFy6RQgbo3HmE7M/E5B1i4yYzt7tQJhXlg==
    dependencies:
      "@chakra-ui/breakpoint-utils" "2.0.3"
      "@chakra-ui/react-env" "2.0.9"
  
  "@chakra-ui/menu@2.0.13":
    version "2.0.13"
    resolved "https://registry.npmjs.org/@chakra-ui/menu/-/menu-2.0.13.tgz"
    integrity sha512-XZYoq9k/txAELUgn5OokyxfXEpVZwBueVYXiT9ji0XvMuzXVxeHd40klJEkiJUctNsOahZf10t5yxlT4B00pwA==
    dependencies:
      "@chakra-ui/clickable" "2.0.9"
      "@chakra-ui/descendant" "3.0.9"
      "@chakra-ui/lazy-utils" "2.0.1"
      "@chakra-ui/popper" "3.0.7"
      "@chakra-ui/react-children-utils" "2.0.1"
      "@chakra-ui/react-context" "2.0.3"
      "@chakra-ui/react-use-animation-state" "2.0.3"
      "@chakra-ui/react-use-controllable-state" "2.0.3"
      "@chakra-ui/react-use-disclosure" "2.0.3"
      "@chakra-ui/react-use-focus-effect" "2.0.3"
      "@chakra-ui/react-use-merge-refs" "2.0.3"
      "@chakra-ui/react-use-outside-click" "2.0.3"
      "@chakra-ui/react-use-update-effect" "2.0.3"
      "@chakra-ui/transition" "2.0.9"
  
  "@chakra-ui/modal@2.1.7":
    version "2.1.7"
    resolved "https://registry.npmjs.org/@chakra-ui/modal/-/modal-2.1.7.tgz"
    integrity sha512-A+CbvhQYpmLH3SrqJ1wJysUCGm0mNoSDxRjP4wX98j56nMTDAsMYlzttpuLmKaSzvbJ7uEQDLtQV8lZjB0gUuw==
    dependencies:
      "@chakra-ui/close-button" "2.0.9"
      "@chakra-ui/focus-lock" "2.0.10"
      "@chakra-ui/portal" "2.0.9"
      "@chakra-ui/react-context" "2.0.3"
      "@chakra-ui/react-types" "2.0.3"
      "@chakra-ui/react-use-merge-refs" "2.0.3"
      "@chakra-ui/transition" "2.0.9"
      aria-hidden "^1.1.1"
      react-remove-scroll "^2.5.4"
  
  "@chakra-ui/number-input@2.0.9":
    version "2.0.9"
    resolved "https://registry.npmjs.org/@chakra-ui/number-input/-/number-input-2.0.9.tgz"
    integrity sha512-RsDzoNvSBZMgyXjN543AtQ2v99U1p/0xnGWZy4NCkgCDWMBn3kIXqSzQq5CB9Ot0MD8nnKF5VYdVdXWguXExEQ==
    dependencies:
      "@chakra-ui/counter" "2.0.9"
      "@chakra-ui/form-control" "2.0.9"
      "@chakra-ui/icon" "3.0.9"
      "@chakra-ui/react-context" "2.0.3"
      "@chakra-ui/react-types" "2.0.3"
      "@chakra-ui/react-use-callback-ref" "2.0.3"
      "@chakra-ui/react-use-event-listener" "2.0.3"
      "@chakra-ui/react-use-interval" "2.0.1"
      "@chakra-ui/react-use-merge-refs" "2.0.3"
      "@chakra-ui/react-use-safe-layout-effect" "2.0.1"
      "@chakra-ui/react-use-update-effect" "2.0.3"
  
  "@chakra-ui/number-utils@2.0.3":
    version "2.0.3"
    resolved "https://registry.npmjs.org/@chakra-ui/number-utils/-/number-utils-2.0.3.tgz"
    integrity sha512-oN03kYAUCCp/FNtpLr5mh+cvd/sRTzZWTBoFydmxc955psXq/X950gzs6o5kzoeFCpgXaxMmHAXQm3ReEK2NsQ==
  
  "@chakra-ui/object-utils@2.0.3":
    version "2.0.3"
    resolved "https://registry.npmjs.org/@chakra-ui/object-utils/-/object-utils-2.0.3.tgz"
    integrity sha512-36prckrqTynVD/JTzyCr8OCWVOrMs/awZo3djVbIiNxRIcJ5iEwUVy26h3MWN4ENSopipBtxNfAwPNTLU5Si/g==
  
  "@chakra-ui/pin-input@2.0.12":
    version "2.0.12"
    resolved "https://registry.npmjs.org/@chakra-ui/pin-input/-/pin-input-2.0.12.tgz"
    integrity sha512-gaMRp5AFW+qAJCUj93V1WluuYBBZ/5A3Wy5q796g8Auvw7vufgkVtl6EBznwvtynZN8gJwbRFpMtJxQyXCkUiw==
    dependencies:
      "@chakra-ui/descendant" "3.0.9"
      "@chakra-ui/react-children-utils" "2.0.1"
      "@chakra-ui/react-context" "2.0.3"
      "@chakra-ui/react-use-controllable-state" "2.0.3"
      "@chakra-ui/react-use-merge-refs" "2.0.3"
  
  "@chakra-ui/popover@2.0.9":
    version "2.0.9"
    resolved "https://registry.npmjs.org/@chakra-ui/popover/-/popover-2.0.9.tgz"
    integrity sha512-+7tH4RVuheFQOyAZ5KT9x+qsLvz7rGuKaHtb0427+5bhUzLaSAghtr/afzOKHDwUVBwF2tTUNanR23ipW1fXDg==
    dependencies:
      "@chakra-ui/close-button" "2.0.9"
      "@chakra-ui/hooks" "2.0.9"
      "@chakra-ui/lazy-utils" "2.0.1"
      "@chakra-ui/popper" "3.0.7"
      "@chakra-ui/react-context" "2.0.3"
      "@chakra-ui/react-types" "2.0.3"
      "@chakra-ui/react-use-disclosure" "2.0.3"
      "@chakra-ui/react-use-merge-refs" "2.0.3"
  
  "@chakra-ui/popper@3.0.7":
    version "3.0.7"
    resolved "https://registry.npmjs.org/@chakra-ui/popper/-/popper-3.0.7.tgz"
    integrity sha512-xLYhuNsk1gOjymtek1ZdZlG21hmg2a7Iu2KsD9Hi7+aUxc2K5/XxX+/vyjjz8u4s0gmj83pTqnauQRynb/TCXA==
    dependencies:
      "@chakra-ui/react-types" "2.0.3"
      "@chakra-ui/react-use-merge-refs" "2.0.3"
      "@popperjs/core" "^2.9.3"
  
  "@chakra-ui/portal@2.0.9":
    version "2.0.9"
    resolved "https://registry.npmjs.org/@chakra-ui/portal/-/portal-2.0.9.tgz"
    integrity sha512-9e9S0MLbkpofPGlyYA12jNYSdndugy6ylPi5pC9nr3/VqG2Kn+8VcBChAeXW8K4ms7WFc74rNX1pBY/UVwr4qg==
    dependencies:
      "@chakra-ui/react-context" "2.0.3"
      "@chakra-ui/react-use-safe-layout-effect" "2.0.1"
  
  "@chakra-ui/progress@2.0.10":
    version "2.0.10"
    resolved "https://registry.npmjs.org/@chakra-ui/progress/-/progress-2.0.10.tgz"
    integrity sha512-my0Pi3NG1PYhlvCav4fybg3gL5HBNe+7lO4PVdri4QHEyfJlrDeBWID+1GgqlpUWdTj3sOf7ysku+FEgkeOeSA==
    dependencies:
      "@chakra-ui/react-context" "2.0.3"
  
  "@chakra-ui/provider@2.0.16":
    version "2.0.16"
    resolved "https://registry.npmjs.org/@chakra-ui/provider/-/provider-2.0.16.tgz"
    integrity sha512-4t/PmjJ7WXPPaPfoYgw8F1/rVtorZuvknugHfOZcOtAPGQmOPotSv28qjKpu/mCvc1GMGV0swMsvCeInYz7g0w==
    dependencies:
      "@chakra-ui/css-reset" "2.0.7"
      "@chakra-ui/portal" "2.0.9"
      "@chakra-ui/react-env" "2.0.9"
      "@chakra-ui/system" "2.2.9"
      "@chakra-ui/utils" "2.0.9"
  
  "@chakra-ui/radio@2.0.10":
    version "2.0.10"
    resolved "https://registry.npmjs.org/@chakra-ui/radio/-/radio-2.0.10.tgz"
    integrity sha512-LhAWsY22cmb+M/iyhFgkzf2+V9TJmAC77Cd+GbP3M3sxDSEUDtq08KOc3JjoYc3GzeZml3JL1yssbxh+liY3xA==
    dependencies:
      "@chakra-ui/form-control" "2.0.9"
      "@chakra-ui/react-context" "2.0.3"
      "@chakra-ui/react-types" "2.0.3"
      "@chakra-ui/react-use-merge-refs" "2.0.3"
      "@zag-js/focus-visible" "0.1.0"
  
  "@chakra-ui/react-children-utils@2.0.1":
    version "2.0.1"
    resolved "https://registry.npmjs.org/@chakra-ui/react-children-utils/-/react-children-utils-2.0.1.tgz"
    integrity sha512-sEgpuh/vWSt2+W0F49EGYXXUyjmg0lbosjVg6qUKHv9sAyx5tbrOrZ6df/TaMUSAe9m3AUOMGqUIPLpxno0DjA==
  
  "@chakra-ui/react-context@2.0.3":
    version "2.0.3"
    resolved "https://registry.npmjs.org/@chakra-ui/react-context/-/react-context-2.0.3.tgz"
    integrity sha512-KmPq6sb1y05WsOUqXZtBBC4LsNKZIFrp2thTsLBwcuH7lkXZwPMHmJGKa9K980P+SWEgfH2s2PY2z+QrIuqWGg==
  
  "@chakra-ui/react-env@2.0.9":
    version "2.0.9"
    resolved "https://registry.npmjs.org/@chakra-ui/react-env/-/react-env-2.0.9.tgz"
    integrity sha512-4AJHNUGBR19hzVyOILYpZZgq8jGrpEcbhvR++CppbvPH7vfPZpoz6L/cBtHxS07YwDtUeBL8yCNiLlTxctV//Q==
  
  "@chakra-ui/react-types@2.0.3":
    version "2.0.3"
    resolved "https://registry.npmjs.org/@chakra-ui/react-types/-/react-types-2.0.3.tgz"
    integrity sha512-1mJYOQldFTALE0Wr3j6tk/MYvgQIp6CKkJulNzZrI8QN+ox/bJOh8OVP4vhwqvfigdLTui0g0k8M9h+j2ub/Mw==
  
  "@chakra-ui/react-use-animation-state@2.0.3":
    version "2.0.3"
    resolved "https://registry.npmjs.org/@chakra-ui/react-use-animation-state/-/react-use-animation-state-2.0.3.tgz"
    integrity sha512-sjGgzMMmxurwKDSFhDLpLNn3SWUERI5iAZOOa0pYnyOLGVXMowgIjK6jpZxre1vc3A+unjJk5P4qeiyY+C4uwQ==
    dependencies:
      "@chakra-ui/dom-utils" "2.0.1"
      "@chakra-ui/react-use-event-listener" "2.0.3"
  
  "@chakra-ui/react-use-callback-ref@2.0.3":
    version "2.0.3"
    resolved "https://registry.npmjs.org/@chakra-ui/react-use-callback-ref/-/react-use-callback-ref-2.0.3.tgz"
    integrity sha512-kdYlhgnQKWWLNwl3WSv/Oq3+mlnu2p3y4Xc1AqKVHVcBOdQE9lpW3d7ZaOoK2aIXXWq1rocscOiXBUtM0Vqd2A==
  
  "@chakra-ui/react-use-controllable-state@2.0.3":
    version "2.0.3"
    resolved "https://registry.npmjs.org/@chakra-ui/react-use-controllable-state/-/react-use-controllable-state-2.0.3.tgz"
    integrity sha512-su8efwCWWnY2LQUU6PEnYwSGJX8kvPSO2KyUKuymx8q3fNWuyhzAZriG/TbeeCxESLp70+wuniUlSGRa4vxylQ==
    dependencies:
      "@chakra-ui/react-use-callback-ref" "2.0.3"
  
  "@chakra-ui/react-use-disclosure@2.0.3":
    version "2.0.3"
    resolved "https://registry.npmjs.org/@chakra-ui/react-use-disclosure/-/react-use-disclosure-2.0.3.tgz"
    integrity sha512-3IdrzvQZcgjqSx5wTVffInOyhMU+d3ZlIE26JmqejMyN/B+qAs932iKfm0A1mTMPTz38ZnNtuaKazmzyfR1ePg==
    dependencies:
      "@chakra-ui/react-use-callback-ref" "2.0.3"
  
  "@chakra-ui/react-use-event-listener@2.0.3":
    version "2.0.3"
    resolved "https://registry.npmjs.org/@chakra-ui/react-use-event-listener/-/react-use-event-listener-2.0.3.tgz"
    integrity sha512-m3ZdJjo3QQ1HcQGnehlBTgHaCVewz5fwIRTXVzbZTraVJr4k589Zf87eagW57tT4dyv656lSmdhaFGZ8p5Snww==
    dependencies:
      "@chakra-ui/react-use-callback-ref" "2.0.3"
  
  "@chakra-ui/react-use-focus-effect@2.0.3":
    version "2.0.3"
    resolved "https://registry.npmjs.org/@chakra-ui/react-use-focus-effect/-/react-use-focus-effect-2.0.3.tgz"
    integrity sha512-N0rho7P+rH5cn13dbS8GUOye+6RYXAmXhmlS+WW/3lWidGH3HAbMoOVf56UiuSnE1+2or8/U7qRshUryj2H1nA==
    dependencies:
      "@chakra-ui/dom-utils" "2.0.1"
      "@chakra-ui/react-use-event-listener" "2.0.3"
      "@chakra-ui/react-use-update-effect" "2.0.3"
  
  "@chakra-ui/react-use-focus-on-pointer-down@2.0.1":
    version "2.0.1"
    resolved "https://registry.npmjs.org/@chakra-ui/react-use-focus-on-pointer-down/-/react-use-focus-on-pointer-down-2.0.1.tgz"
    integrity sha512-f0qL2iWvajUo+0jwDZyJpUMJ6J6BH3WjDZE2Rp6cns4pgI6uYuv2gj+FqQ5jnoYdXkeER6lBI56a+aIW/1RYiA==
    dependencies:
      "@chakra-ui/react-use-event-listener" "2.0.3"
  
  "@chakra-ui/react-use-interval@2.0.1":
    version "2.0.1"
    resolved "https://registry.npmjs.org/@chakra-ui/react-use-interval/-/react-use-interval-2.0.1.tgz"
    integrity sha512-6ZLzKA7Ga894UZcXO3bbGYThlhviiau1oxZ1UcJG5pUXNM9Up7O/4Joq31sL+KcpteCN45vd1etomilsv/blxw==
    dependencies:
      "@chakra-ui/react-use-callback-ref" "2.0.3"
  
  "@chakra-ui/react-use-merge-refs@2.0.3":
    version "2.0.3"
    resolved "https://registry.npmjs.org/@chakra-ui/react-use-merge-refs/-/react-use-merge-refs-2.0.3.tgz"
    integrity sha512-n35BmVbasy5Esa6qxznWmiV3NaRxGpqMpZH0n+X7aXt8VkGAJzRpAVjUmKCLNYyCLpqsQceCmAEK8a5SR6vxqw==
  
  "@chakra-ui/react-use-outside-click@2.0.3":
    version "2.0.3"
    resolved "https://registry.npmjs.org/@chakra-ui/react-use-outside-click/-/react-use-outside-click-2.0.3.tgz"
    integrity sha512-r5OohM8lOuZTz6e3vVHvfm/3sEkd06nUPBNU+r3rWh1I7bR9z5Gia/BOQD6GE4jUTanDkHcH76Pf9qJ45kpibQ==
    dependencies:
      "@chakra-ui/react-use-callback-ref" "2.0.3"
  
  "@chakra-ui/react-use-pan-event@2.0.4":
    version "2.0.4"
    resolved "https://registry.npmjs.org/@chakra-ui/react-use-pan-event/-/react-use-pan-event-2.0.4.tgz"
    integrity sha512-lcEjngfCgIjE5qZeJiaDx+aJzZPLjbjUmbWumi8pIgWOnDL8Ffjh7AMKW4CddP5OgcRnDDb+7aqJbb55wraboA==
    dependencies:
      "@chakra-ui/event-utils" "2.0.4"
      framesync "5.3.0"
  
  "@chakra-ui/react-use-previous@2.0.1":
    version "2.0.1"
    resolved "https://registry.npmjs.org/@chakra-ui/react-use-previous/-/react-use-previous-2.0.1.tgz"
    integrity sha512-ROi+/puVd8D1QaxBSOcGlJNqV2x02ppSgmXzZZJhM8ryFLZjY9ojV3HhamB2IJ/7SIb1rMSSV1GPedFw7YMCwA==
  
  "@chakra-ui/react-use-safe-layout-effect@2.0.1":
    version "2.0.1"
    resolved "https://registry.npmjs.org/@chakra-ui/react-use-safe-layout-effect/-/react-use-safe-layout-effect-2.0.1.tgz"
    integrity sha512-H+ZOjkPqv3KBPEoP68JKpQBNdLOI0mwzEiTT397UdvBVCCJ+1/ijWVUT+Ub/pYic60O6xUghy5ORaWqJHhnKDA==
  
  "@chakra-ui/react-use-size@2.0.3":
    version "2.0.3"
    resolved "https://registry.npmjs.org/@chakra-ui/react-use-size/-/react-use-size-2.0.3.tgz"
    integrity sha512-hr4hKepPUmM2paXseSZiOTK2y+ZqnSzYNusDEB01f+cDerFjdN1jSfNJKXpiKF0+hNESXfOPQb3Zt0eDusRdoA==
    dependencies:
      "@zag-js/element-size" "0.1.0"
  
  "@chakra-ui/react-use-timeout@2.0.1":
    version "2.0.1"
    resolved "https://registry.npmjs.org/@chakra-ui/react-use-timeout/-/react-use-timeout-2.0.1.tgz"
    integrity sha512-zXh9RH+GciKr8hvaOADHOoHP72B7UZUEymA8CWCV4WEs/9s/PfQJH7X1bwvaj43CcOmfVQg4oODWqCYQM1lSsg==
    dependencies:
      "@chakra-ui/react-use-callback-ref" "2.0.3"
  
  "@chakra-ui/react-use-update-effect@2.0.3":
    version "2.0.3"
    resolved "https://registry.npmjs.org/@chakra-ui/react-use-update-effect/-/react-use-update-effect-2.0.3.tgz"
    integrity sha512-8hkP1o/UUUA49w/R+XyAlPiCjxXTCWCNsHWUOEhAitjJfoCNUjgaNKOD52hT07kc5ACJEcJQHA5327LnwtiIlg==
  
  "@chakra-ui/react-utils@2.0.6":
    version "2.0.6"
    resolved "https://registry.npmjs.org/@chakra-ui/react-utils/-/react-utils-2.0.6.tgz"
    integrity sha512-ZL0FPaolovXOxMzYRSLHgBYtvxIkA/c5GTSYpXL8DcC+TBLZnAmQ8BPTS2b6xys6xvwdQjkZRUeQ0cBNFaryJg==
    dependencies:
      "@chakra-ui/utils" "2.0.9"
  
  "@chakra-ui/react@^2.2.1":
    version "2.3.2"
    resolved "https://registry.npmjs.org/@chakra-ui/react/-/react-2.3.2.tgz"
    integrity sha512-qOcDLbA1x4pnpJPtF4YJ7pZzK/ki6SoQl9Vj7fsR+hJw1lt3y1475NSyYGiA6qgho/8twUgYLhcdrTbQPcmOHg==
    dependencies:
      "@chakra-ui/accordion" "2.0.12"
      "@chakra-ui/alert" "2.0.9"
      "@chakra-ui/avatar" "2.1.0"
      "@chakra-ui/breadcrumb" "2.0.9"
      "@chakra-ui/button" "2.0.9"
      "@chakra-ui/checkbox" "2.1.8"
      "@chakra-ui/close-button" "2.0.9"
      "@chakra-ui/control-box" "2.0.9"
      "@chakra-ui/counter" "2.0.9"
      "@chakra-ui/css-reset" "2.0.7"
      "@chakra-ui/editable" "2.0.9"
      "@chakra-ui/form-control" "2.0.9"
      "@chakra-ui/hooks" "2.0.9"
      "@chakra-ui/icon" "3.0.9"
      "@chakra-ui/image" "2.0.10"
      "@chakra-ui/input" "2.0.9"
      "@chakra-ui/layout" "2.1.6"
      "@chakra-ui/live-region" "2.0.9"
      "@chakra-ui/media-query" "3.2.5"
      "@chakra-ui/menu" "2.0.13"
      "@chakra-ui/modal" "2.1.7"
      "@chakra-ui/number-input" "2.0.9"
      "@chakra-ui/pin-input" "2.0.12"
      "@chakra-ui/popover" "2.0.9"
      "@chakra-ui/popper" "3.0.7"
      "@chakra-ui/portal" "2.0.9"
      "@chakra-ui/progress" "2.0.10"
      "@chakra-ui/provider" "2.0.16"
      "@chakra-ui/radio" "2.0.10"
      "@chakra-ui/react-env" "2.0.9"
      "@chakra-ui/select" "2.0.10"
      "@chakra-ui/skeleton" "2.0.15"
      "@chakra-ui/slider" "2.0.10"
      "@chakra-ui/spinner" "2.0.9"
      "@chakra-ui/stat" "2.0.9"
      "@chakra-ui/switch" "2.0.11"
      "@chakra-ui/system" "2.2.9"
      "@chakra-ui/table" "2.0.9"
      "@chakra-ui/tabs" "2.1.1"
      "@chakra-ui/tag" "2.0.9"
      "@chakra-ui/textarea" "2.0.10"
      "@chakra-ui/theme" "2.1.11"
      "@chakra-ui/toast" "3.0.10"
      "@chakra-ui/tooltip" "2.0.10"
      "@chakra-ui/transition" "2.0.9"
      "@chakra-ui/utils" "2.0.9"
      "@chakra-ui/visually-hidden" "2.0.9"
  
  "@chakra-ui/select@2.0.10":
    version "2.0.10"
    resolved "https://registry.npmjs.org/@chakra-ui/select/-/select-2.0.10.tgz"
    integrity sha512-7AslBWwI/JyczjMMGtPuN34M/C38koVd+N/pb6swHoIP9TRkkdvDlonIakcmtO1oLEzlNIFKmt4FQ7bUp9ea5Q==
    dependencies:
      "@chakra-ui/form-control" "2.0.9"
  
  "@chakra-ui/shared-utils@2.0.1":
    version "2.0.1"
    resolved "https://registry.npmjs.org/@chakra-ui/shared-utils/-/shared-utils-2.0.1.tgz"
    integrity sha512-NXDBl/u4wrSNp0ON5R3r3evkRurrAz2yuO7neooaG+O5HEenVouGqm4CsXd6lUAPmjwiGzA0LQFNCt0Hj92dXg==
  
  "@chakra-ui/skeleton@2.0.15":
    version "2.0.15"
    resolved "https://registry.npmjs.org/@chakra-ui/skeleton/-/skeleton-2.0.15.tgz"
    integrity sha512-QVMkXwrH9jLfim8uJTZcjHeGjzoquNcHGXD5wapd7eDqp9BygvmMXAHBxFm8eEJLHuvIqLX94P6DLeiieYwX7Q==
    dependencies:
      "@chakra-ui/media-query" "3.2.5"
      "@chakra-ui/react-use-previous" "2.0.1"
  
  "@chakra-ui/slider@2.0.10":
    version "2.0.10"
    resolved "https://registry.npmjs.org/@chakra-ui/slider/-/slider-2.0.10.tgz"
    integrity sha512-F0RGl2ruADbXO/GnoBUiTEl+przxhZo2e0tfw9VTtS+RsJZ22uHrTNVvVJHNmjK7/E3++kBfaLCacoJFz/io+g==
    dependencies:
      "@chakra-ui/number-utils" "2.0.3"
      "@chakra-ui/react-context" "2.0.3"
      "@chakra-ui/react-types" "2.0.3"
      "@chakra-ui/react-use-callback-ref" "2.0.3"
      "@chakra-ui/react-use-controllable-state" "2.0.3"
      "@chakra-ui/react-use-merge-refs" "2.0.3"
      "@chakra-ui/react-use-pan-event" "2.0.4"
      "@chakra-ui/react-use-size" "2.0.3"
      "@chakra-ui/react-use-update-effect" "2.0.3"
  
  "@chakra-ui/spinner@2.0.9":
    version "2.0.9"
    resolved "https://registry.npmjs.org/@chakra-ui/spinner/-/spinner-2.0.9.tgz"
    integrity sha512-9ALl51fiVWptDu2J2xcv0TSfGf4buumpHrEXHvV2Qy+HZ6rYnUmSThBSb/VgoQS+rASG8bAbLUPlQTQ+v9ibFg==
  
  "@chakra-ui/stat@2.0.9":
    version "2.0.9"
    resolved "https://registry.npmjs.org/@chakra-ui/stat/-/stat-2.0.9.tgz"
    integrity sha512-C9cytqegWSGJ/hh3/qwsgGlerXLYHrU0iQcJQ+pKSRFJhshXsv3go5IR6kVL72Yf2s4Gs5c3GsMZrLM22ePpDg==
    dependencies:
      "@chakra-ui/icon" "3.0.9"
      "@chakra-ui/react-context" "2.0.3"
  
  "@chakra-ui/styled-system@2.3.1":
    version "2.3.1"
    resolved "https://registry.npmjs.org/@chakra-ui/styled-system/-/styled-system-2.3.1.tgz"
    integrity sha512-jyR9s2yk5TEyq4HUfjrgUeaOzd9ZTZrbjK96UjtiTCZGO/q4j2RXtYvfheUjUyW1UnzI2A1ffHOJca8tBMDjpA==
    dependencies:
      csstype "^3.0.11"
      lodash.mergewith "4.6.2"
  
  "@chakra-ui/switch@2.0.11":
    version "2.0.11"
    resolved "https://registry.npmjs.org/@chakra-ui/switch/-/switch-2.0.11.tgz"
    integrity sha512-gY8OGBnoPosZpq7dDNVf432t67pTc/cz5VkGhbtER7bbjXSoXe0DAiAYL+HT2kD7mbTJQzzHK/y0St0WimR1Mw==
    dependencies:
      "@chakra-ui/checkbox" "2.1.8"
  
  "@chakra-ui/system@2.2.9":
    version "2.2.9"
    resolved "https://registry.npmjs.org/@chakra-ui/system/-/system-2.2.9.tgz"
    integrity sha512-SyTeIGm+goyYK8vqX4dU6oeLhxUAeGI3Cl+mxA+aiKIX01YTALhTWhpbrsuMYBevV+l9EGK12egPUQE+Mo3WlQ==
    dependencies:
      "@chakra-ui/color-mode" "2.1.7"
      "@chakra-ui/react-utils" "2.0.6"
      "@chakra-ui/styled-system" "2.3.1"
      "@chakra-ui/utils" "2.0.9"
      react-fast-compare "3.2.0"
  
  "@chakra-ui/table@2.0.9":
    version "2.0.9"
    resolved "https://registry.npmjs.org/@chakra-ui/table/-/table-2.0.9.tgz"
    integrity sha512-XRz6+x4dMeQX3xyViyG2H/P1STI/2vwvgU2cjzzwS+5fZ2JdGaTgYzBb+IZoH9agEq1Ma3rlKMUPDrRCFb7kLQ==
    dependencies:
      "@chakra-ui/react-context" "2.0.3"
  
  "@chakra-ui/tabs@2.1.1":
    version "2.1.1"
    resolved "https://registry.npmjs.org/@chakra-ui/tabs/-/tabs-2.1.1.tgz"
    integrity sha512-xA+vwqpAHb0nBLrkiO5Lea2UDGROyAIBqsyp/8XXXEr6eKxtNe1I6WJPbDQy0aazB2ToAA0R6fT34HjLaXP8MQ==
    dependencies:
      "@chakra-ui/clickable" "2.0.9"
      "@chakra-ui/descendant" "3.0.9"
      "@chakra-ui/lazy-utils" "2.0.1"
      "@chakra-ui/react-children-utils" "2.0.1"
      "@chakra-ui/react-context" "2.0.3"
      "@chakra-ui/react-use-controllable-state" "2.0.3"
      "@chakra-ui/react-use-merge-refs" "2.0.3"
      "@chakra-ui/react-use-safe-layout-effect" "2.0.1"
  
  "@chakra-ui/tag@2.0.9":
    version "2.0.9"
    resolved "https://registry.npmjs.org/@chakra-ui/tag/-/tag-2.0.9.tgz"
    integrity sha512-NKARwhsZ04t2vkrdRhNcakEiVtg1q44yUUsDw2Jwdu4idAWQupZGGochQI2Ac4T2MI1b66zQUkaGnm3l1mhTtg==
    dependencies:
      "@chakra-ui/icon" "3.0.9"
      "@chakra-ui/react-context" "2.0.3"
  
  "@chakra-ui/textarea@2.0.10":
    version "2.0.10"
    resolved "https://registry.npmjs.org/@chakra-ui/textarea/-/textarea-2.0.10.tgz"
    integrity sha512-HSo0EPsY8XKGA+Af6jTob1oe1T6NKZwgjLmX0binK3MMM9pDTXsUTw8GD0g971lxw9oktVMLK/O9QVAgVAm5mw==
    dependencies:
      "@chakra-ui/form-control" "2.0.9"
  
  "@chakra-ui/theme-tools@2.0.11", "@chakra-ui/theme-tools@^2.0.2":
    version "2.0.11"
    resolved "https://registry.npmjs.org/@chakra-ui/theme-tools/-/theme-tools-2.0.11.tgz"
    integrity sha512-0Juf98bAyOgnBeQ39nMKWqRsOxZDw75BbAB8o0oVyjhYVS1wJh7tFX1ZRV8N/+AN6fuRXEznZPpyUh3J+ZTiRg==
    dependencies:
      "@chakra-ui/anatomy" "2.0.6"
      "@ctrl/tinycolor" "^3.4.0"
  
  "@chakra-ui/theme@2.1.11":
    version "2.1.11"
    resolved "https://registry.npmjs.org/@chakra-ui/theme/-/theme-2.1.11.tgz"
    integrity sha512-gI0NLU6wO/5cRq8gbDHuy24Y/ZhJxN4D/2uucNN9is3h+d58/En5jV3fwzZW8PLiLKW/T2CmbYWEZWV2YkcUVA==
    dependencies:
      "@chakra-ui/anatomy" "2.0.6"
      "@chakra-ui/theme-tools" "2.0.11"
  
  "@chakra-ui/toast@3.0.10":
    version "3.0.10"
    resolved "https://registry.npmjs.org/@chakra-ui/toast/-/toast-3.0.10.tgz"
    integrity sha512-i/oEtzmarO0hM6fxa55OmA8ZGkZv9b+vIC2xs5kQ/C0rJaC0ycibok8srq2Stjq9309fZNezyzThQp6e9acUYQ==
    dependencies:
      "@chakra-ui/alert" "2.0.9"
      "@chakra-ui/close-button" "2.0.9"
      "@chakra-ui/portal" "2.0.9"
      "@chakra-ui/react-use-timeout" "2.0.1"
      "@chakra-ui/react-use-update-effect" "2.0.3"
      "@chakra-ui/theme" "2.1.11"
  
  "@chakra-ui/tooltip@2.0.10":
    version "2.0.10"
    resolved "https://registry.npmjs.org/@chakra-ui/tooltip/-/tooltip-2.0.10.tgz"
    integrity sha512-pBILBdZoux2K3EW9V6JuyZYUWz2/Y7oYCVO6AwNOesiEBGAONyzoDwFV728EzPEHe9e+YBcKOSZ9tEpDdrzHMA==
    dependencies:
      "@chakra-ui/popper" "3.0.7"
      "@chakra-ui/portal" "2.0.9"
      "@chakra-ui/react-types" "2.0.3"
      "@chakra-ui/react-use-disclosure" "2.0.3"
      "@chakra-ui/react-use-event-listener" "2.0.3"
      "@chakra-ui/react-use-merge-refs" "2.0.3"
  
  "@chakra-ui/transition@2.0.9":
    version "2.0.9"
    resolved "https://registry.npmjs.org/@chakra-ui/transition/-/transition-2.0.9.tgz"
    integrity sha512-cVfKdZl128AEj0LDS8M9dzXao4wmTVj3gRJBnm91Qcg243Pm8OlgIBNbHEwsq/Fps+PsN431BtEGfL4w79wQEA==
  
  "@chakra-ui/utils@2.0.9":
    version "2.0.9"
    resolved "https://registry.npmjs.org/@chakra-ui/utils/-/utils-2.0.9.tgz"
    integrity sha512-7ct5562Jw6pZdtj63XfUkEUXXsCCVqdqIXyLtQ9VgOKtRQWwDxzc8uPI5Zjdw9AleEITZFUH8TNKWn75nm54kQ==
    dependencies:
      "@types/lodash.mergewith" "4.6.6"
      css-box-model "1.2.1"
      framesync "5.3.0"
      lodash.mergewith "4.6.2"
  
  "@chakra-ui/visually-hidden@2.0.9":
    version "2.0.9"
    resolved "https://registry.npmjs.org/@chakra-ui/visually-hidden/-/visually-hidden-2.0.9.tgz"
    integrity sha512-PkNxrRGp9H3bdqEaoo8XGt/AL9UuGRTom0/9XJa+G/Dj8Cy1sDuamOWk3pN/ZQs46RokfK9Uh5LqPY5dwSDweg==
  
  "@ctrl/tinycolor@^3.4.0":
    version "3.4.1"
    resolved "https://registry.npmjs.org/@ctrl/tinycolor/-/tinycolor-3.4.1.tgz"
    integrity sha512-ej5oVy6lykXsvieQtqZxCOaLT+xD4+QNarq78cIYISHmZXshCvROLudpQN3lfL8G0NL7plMSSK+zlyvCaIJ4Iw==
  
  "@emotion/babel-plugin@^11.10.0":
    version "11.10.2"
    resolved "https://registry.npmjs.org/@emotion/babel-plugin/-/babel-plugin-11.10.2.tgz"
    integrity sha512-xNQ57njWTFVfPAc3cjfuaPdsgLp5QOSuRsj9MA6ndEhH/AzuZM86qIQzt6rq+aGBwj3n5/TkLmU5lhAfdRmogA==
    dependencies:
      "@babel/helper-module-imports" "^7.16.7"
      "@babel/plugin-syntax-jsx" "^7.17.12"
      "@babel/runtime" "^7.18.3"
      "@emotion/hash" "^0.9.0"
      "@emotion/memoize" "^0.8.0"
      "@emotion/serialize" "^1.1.0"
      babel-plugin-macros "^3.1.0"
      convert-source-map "^1.5.0"
      escape-string-regexp "^4.0.0"
      find-root "^1.1.0"
      source-map "^0.5.7"
      stylis "4.0.13"
  
  "@emotion/cache@^11.10.0":
    version "11.10.3"
    resolved "https://registry.npmjs.org/@emotion/cache/-/cache-11.10.3.tgz"
    integrity sha512-Psmp/7ovAa8appWh3g51goxu/z3iVms7JXOreq136D8Bbn6dYraPnmL6mdM8GThEx9vwSn92Fz+mGSjBzN8UPQ==
    dependencies:
      "@emotion/memoize" "^0.8.0"
      "@emotion/sheet" "^1.2.0"
      "@emotion/utils" "^1.2.0"
      "@emotion/weak-memoize" "^0.3.0"
      stylis "4.0.13"
  
  "@emotion/hash@^0.9.0":
    version "0.9.0"
    resolved "https://registry.npmjs.org/@emotion/hash/-/hash-0.9.0.tgz"
    integrity sha512-14FtKiHhy2QoPIzdTcvh//8OyBlknNs2nXRwIhG904opCby3l+9Xaf/wuPvICBF0rc1ZCNBd3nKe9cd2mecVkQ==
  
  "@emotion/is-prop-valid@^0.8.2":
    version "0.8.8"
    resolved "https://registry.npmjs.org/@emotion/is-prop-valid/-/is-prop-valid-0.8.8.tgz"
    integrity sha512-u5WtneEAr5IDG2Wv65yhunPSMLIpuKsbuOktRojfrEiEvRyC85LgPMZI63cr7NUqT8ZIGdSVg8ZKGxIug4lXcA==
    dependencies:
      "@emotion/memoize" "0.7.4"
  
  "@emotion/is-prop-valid@^1.2.0":
    version "1.2.0"
    resolved "https://registry.npmjs.org/@emotion/is-prop-valid/-/is-prop-valid-1.2.0.tgz"
    integrity sha512-3aDpDprjM0AwaxGE09bOPkNxHpBd+kA6jty3RnaEXdweX1DF1U3VQpPYb0g1IStAuK7SVQ1cy+bNBBKp4W3Fjg==
    dependencies:
      "@emotion/memoize" "^0.8.0"
  
  "@emotion/memoize@0.7.4":
    version "0.7.4"
    resolved "https://registry.npmjs.org/@emotion/memoize/-/memoize-0.7.4.tgz"
    integrity sha512-Ja/Vfqe3HpuzRsG1oBtWTHk2PGZ7GR+2Vz5iYGelAw8dx32K0y7PjVuxK6z1nMpZOqAFsRUPCkK1YjJ56qJlgw==
  
  "@emotion/memoize@^0.8.0":
    version "0.8.0"
    resolved "https://registry.npmjs.org/@emotion/memoize/-/memoize-0.8.0.tgz"
    integrity sha512-G/YwXTkv7Den9mXDO7AhLWkE3q+I92B+VqAE+dYG4NGPaHZGvt3G8Q0p9vmE+sq7rTGphUbAvmQ9YpbfMQGGlA==
  
  "@emotion/react@^11.9.0":
    version "11.10.4"
    resolved "https://registry.npmjs.org/@emotion/react/-/react-11.10.4.tgz"
    integrity sha512-j0AkMpr6BL8gldJZ6XQsQ8DnS9TxEQu1R+OGmDZiWjBAJtCcbt0tS3I/YffoqHXxH6MjgI7KdMbYKw3MEiU9eA==
    dependencies:
      "@babel/runtime" "^7.18.3"
      "@emotion/babel-plugin" "^11.10.0"
      "@emotion/cache" "^11.10.0"
      "@emotion/serialize" "^1.1.0"
      "@emotion/use-insertion-effect-with-fallbacks" "^1.0.0"
      "@emotion/utils" "^1.2.0"
      "@emotion/weak-memoize" "^0.3.0"
      hoist-non-react-statics "^3.3.1"
  
  "@emotion/serialize@^1.1.0":
    version "1.1.0"
    resolved "https://registry.npmjs.org/@emotion/serialize/-/serialize-1.1.0.tgz"
    integrity sha512-F1ZZZW51T/fx+wKbVlwsfchr5q97iW8brAnXmsskz4d0hVB4O3M/SiA3SaeH06x02lSNzkkQv+n3AX3kCXKSFA==
    dependencies:
      "@emotion/hash" "^0.9.0"
      "@emotion/memoize" "^0.8.0"
      "@emotion/unitless" "^0.8.0"
      "@emotion/utils" "^1.2.0"
      csstype "^3.0.2"
  
  "@emotion/sheet@^1.2.0":
    version "1.2.0"
    resolved "https://registry.npmjs.org/@emotion/sheet/-/sheet-1.2.0.tgz"
    integrity sha512-OiTkRgpxescko+M51tZsMq7Puu/KP55wMT8BgpcXVG2hqXc0Vo0mfymJ/Uj24Hp0i083ji/o0aLddh08UEjq8w==
  
  "@emotion/styled@^11.9.0":
    version "11.10.4"
    resolved "https://registry.npmjs.org/@emotion/styled/-/styled-11.10.4.tgz"
    integrity sha512-pRl4R8Ez3UXvOPfc2bzIoV8u9P97UedgHS4FPX594ntwEuAMA114wlaHvOK24HB48uqfXiGlYIZYCxVJ1R1ttQ==
    dependencies:
      "@babel/runtime" "^7.18.3"
      "@emotion/babel-plugin" "^11.10.0"
      "@emotion/is-prop-valid" "^1.2.0"
      "@emotion/serialize" "^1.1.0"
      "@emotion/use-insertion-effect-with-fallbacks" "^1.0.0"
      "@emotion/utils" "^1.2.0"
  
  "@emotion/unitless@^0.8.0":
    version "0.8.0"
    resolved "https://registry.npmjs.org/@emotion/unitless/-/unitless-0.8.0.tgz"
    integrity sha512-VINS5vEYAscRl2ZUDiT3uMPlrFQupiKgHz5AA4bCH1miKBg4qtwkim1qPmJj/4WG6TreYMY111rEFsjupcOKHw==
  
  "@emotion/use-insertion-effect-with-fallbacks@^1.0.0":
    version "1.0.0"
    resolved "https://registry.npmjs.org/@emotion/use-insertion-effect-with-fallbacks/-/use-insertion-effect-with-fallbacks-1.0.0.tgz"
    integrity sha512-1eEgUGmkaljiBnRMTdksDV1W4kUnmwgp7X9G8B++9GYwl1lUdqSndSriIrTJ0N7LQaoauY9JJ2yhiOYK5+NI4A==
  
  "@emotion/utils@^1.2.0":
    version "1.2.0"
    resolved "https://registry.npmjs.org/@emotion/utils/-/utils-1.2.0.tgz"
    integrity sha512-sn3WH53Kzpw8oQ5mgMmIzzyAaH2ZqFEbozVVBSYp538E06OSE6ytOp7pRAjNQR+Q/orwqdQYJSe2m3hCOeznkw==
  
  "@emotion/weak-memoize@^0.3.0":
    version "0.3.0"
    resolved "https://registry.npmjs.org/@emotion/weak-memoize/-/weak-memoize-0.3.0.tgz"
    integrity sha512-AHPmaAx+RYfZz0eYu6Gviiagpmiyw98ySSlQvCUhVGDRtDFe4DBS0x1bSjdF3gqUDYOczB+yYvBTtEylYSdRhg==
  
  "@motionone/animation@^10.12.0":
    version "10.14.0"
    resolved "https://registry.npmjs.org/@motionone/animation/-/animation-10.14.0.tgz"
    integrity sha512-h+1sdyBP8vbxEBW5gPFDnj+m2DCqdlAuf2g6Iafb1lcMnqjsRXWlPw1AXgvUMXmreyhqmPbJqoNfIKdytampRQ==
    dependencies:
      "@motionone/easing" "^10.14.0"
      "@motionone/types" "^10.14.0"
      "@motionone/utils" "^10.14.0"
      tslib "^2.3.1"
  
  "@motionone/dom@10.12.0":
    version "10.12.0"
    resolved "https://registry.npmjs.org/@motionone/dom/-/dom-10.12.0.tgz"
    integrity sha512-UdPTtLMAktHiqV0atOczNYyDd/d8Cf5fFsd1tua03PqTwwCe/6lwhLSQ8a7TbnQ5SN0gm44N1slBfj+ORIhrqw==
    dependencies:
      "@motionone/animation" "^10.12.0"
      "@motionone/generators" "^10.12.0"
      "@motionone/types" "^10.12.0"
      "@motionone/utils" "^10.12.0"
      hey-listen "^1.0.8"
      tslib "^2.3.1"
  
  "@motionone/easing@^10.14.0":
    version "10.14.0"
    resolved "https://registry.npmjs.org/@motionone/easing/-/easing-10.14.0.tgz"
    integrity sha512-2vUBdH9uWTlRbuErhcsMmt1jvMTTqvGmn9fHq8FleFDXBlHFs5jZzHJT9iw+4kR1h6a4SZQuCf72b9ji92qNYA==
    dependencies:
      "@motionone/utils" "^10.14.0"
      tslib "^2.3.1"
  
  "@motionone/generators@^10.12.0":
    version "10.14.0"
    resolved "https://registry.npmjs.org/@motionone/generators/-/generators-10.14.0.tgz"
    integrity sha512-6kRHezoFfIjFN7pPpaxmkdZXD36tQNcyJe3nwVqwJ+ZfC0e3rFmszR8kp9DEVFs9QL/akWjuGPSLBI1tvz+Vjg==
    dependencies:
      "@motionone/types" "^10.14.0"
      "@motionone/utils" "^10.14.0"
      tslib "^2.3.1"
  
  "@motionone/types@^10.12.0", "@motionone/types@^10.14.0":
    version "10.14.0"
    resolved "https://registry.npmjs.org/@motionone/types/-/types-10.14.0.tgz"
    integrity sha512-3bNWyYBHtVd27KncnJLhksMFQ5o2MSdk1cA/IZqsHtA9DnRM1SYgN01CTcJ8Iw8pCXF5Ocp34tyAjY7WRpOJJQ==
  
  "@motionone/utils@^10.12.0", "@motionone/utils@^10.14.0":
    version "10.14.0"
    resolved "https://registry.npmjs.org/@motionone/utils/-/utils-10.14.0.tgz"
    integrity sha512-sLWBLPzRqkxmOTRzSaD3LFQXCPHvDzyHJ1a3VP9PRzBxyVd2pv51/gMOsdAcxQ9n+MIeGJnxzXBYplUHKj4jkw==
    dependencies:
      "@motionone/types" "^10.14.0"
      hey-listen "^1.0.8"
      tslib "^2.3.1"
  
  "@next/env@12.3.1":
    version "12.3.1"
    resolved "https://registry.npmjs.org/@next/env/-/env-12.3.1.tgz"
    integrity sha512-9P9THmRFVKGKt9DYqeC2aKIxm8rlvkK38V1P1sRE7qyoPBIs8l9oo79QoSdPtOWfzkbDAVUqvbQGgTMsb8BtJg==
  
  "@next/swc-android-arm-eabi@12.3.1":
    version "12.3.1"
    resolved "https://registry.yarnpkg.com/@next/swc-android-arm-eabi/-/swc-android-arm-eabi-12.3.1.tgz#b15ce8ad376102a3b8c0f3c017dde050a22bb1a3"
    integrity sha512-i+BvKA8tB//srVPPQxIQN5lvfROcfv4OB23/L1nXznP+N/TyKL8lql3l7oo2LNhnH66zWhfoemg3Q4VJZSruzQ==
  
  "@next/swc-android-arm64@12.3.1":
    version "12.3.1"
    resolved "https://registry.yarnpkg.com/@next/swc-android-arm64/-/swc-android-arm64-12.3.1.tgz#85d205f568a790a137cb3c3f720d961a2436ac9c"
    integrity sha512-CmgU2ZNyBP0rkugOOqLnjl3+eRpXBzB/I2sjwcGZ7/Z6RcUJXK5Evz+N0ucOxqE4cZ3gkTeXtSzRrMK2mGYV8Q==
  
  "@next/swc-darwin-arm64@12.3.1":
    version "12.3.1"
    resolved "https://registry.yarnpkg.com/@next/swc-darwin-arm64/-/swc-darwin-arm64-12.3.1.tgz#b105457d6760a7916b27e46c97cb1a40547114ae"
    integrity sha512-hT/EBGNcu0ITiuWDYU9ur57Oa4LybD5DOQp4f22T6zLfpoBMfBibPtR8XktXmOyFHrL/6FC2p9ojdLZhWhvBHg==
  
  "@next/swc-darwin-x64@12.3.1":
    version "12.3.1"
    resolved "https://registry.yarnpkg.com/@next/swc-darwin-x64/-/swc-darwin-x64-12.3.1.tgz#6947b39082271378896b095b6696a7791c6e32b1"
    integrity sha512-9S6EVueCVCyGf2vuiLiGEHZCJcPAxglyckTZcEwLdJwozLqN0gtS0Eq0bQlGS3dH49Py/rQYpZ3KVWZ9BUf/WA==
  
  "@next/swc-freebsd-x64@12.3.1":
    version "12.3.1"
    resolved "https://registry.yarnpkg.com/@next/swc-freebsd-x64/-/swc-freebsd-x64-12.3.1.tgz#2b6c36a4d84aae8b0ea0e0da9bafc696ae27085a"
    integrity sha512-qcuUQkaBZWqzM0F1N4AkAh88lLzzpfE6ImOcI1P6YeyJSsBmpBIV8o70zV+Wxpc26yV9vpzb+e5gCyxNjKJg5Q==
  
  "@next/swc-linux-arm-gnueabihf@12.3.1":
    version "12.3.1"
    resolved "https://registry.yarnpkg.com/@next/swc-linux-arm-gnueabihf/-/swc-linux-arm-gnueabihf-12.3.1.tgz#6e421c44285cfedac1f4631d5de330dd60b86298"
    integrity sha512-diL9MSYrEI5nY2wc/h/DBewEDUzr/DqBjIgHJ3RUNtETAOB3spMNHvJk2XKUDjnQuluLmFMloet9tpEqU2TT9w==
  
  "@next/swc-linux-arm64-gnu@12.3.1":
    version "12.3.1"
    resolved "https://registry.yarnpkg.com/@next/swc-linux-arm64-gnu/-/swc-linux-arm64-gnu-12.3.1.tgz#8863f08a81f422f910af126159d2cbb9552ef717"
    integrity sha512-o/xB2nztoaC7jnXU3Q36vGgOolJpsGG8ETNjxM1VAPxRwM7FyGCPHOMk1XavG88QZSQf+1r+POBW0tLxQOJ9DQ==
  
  "@next/swc-linux-arm64-musl@12.3.1":
    version "12.3.1"
    resolved "https://registry.yarnpkg.com/@next/swc-linux-arm64-musl/-/swc-linux-arm64-musl-12.3.1.tgz#0038f07cf0b259d70ae0c80890d826dfc775d9f3"
    integrity sha512-2WEasRxJzgAmP43glFNhADpe8zB7kJofhEAVNbDJZANp+H4+wq+/cW1CdDi8DqjkShPEA6/ejJw+xnEyDID2jg==
  
  "@next/swc-linux-x64-gnu@12.3.1":
    version "12.3.1"
    resolved "https://registry.npmjs.org/@next/swc-linux-x64-gnu/-/swc-linux-x64-gnu-12.3.1.tgz"
    integrity sha512-JWEaMyvNrXuM3dyy9Pp5cFPuSSvG82+yABqsWugjWlvfmnlnx9HOQZY23bFq3cNghy5V/t0iPb6cffzRWylgsA==
  
  "@next/swc-linux-x64-musl@12.3.1":
    version "12.3.1"
    resolved "https://registry.npmjs.org/@next/swc-linux-x64-musl/-/swc-linux-x64-musl-12.3.1.tgz"
    integrity sha512-xoEWQQ71waWc4BZcOjmatuvPUXKTv6MbIFzpm4LFeCHsg2iwai0ILmNXf81rJR+L1Wb9ifEke2sQpZSPNz1Iyg==
  
  "@next/swc-win32-arm64-msvc@12.3.1":
    version "12.3.1"
    resolved "https://registry.yarnpkg.com/@next/swc-win32-arm64-msvc/-/swc-win32-arm64-msvc-12.3.1.tgz#83c639ee969cee36ce247c3abd1d9df97b5ecade"
    integrity sha512-hswVFYQYIeGHE2JYaBVtvqmBQ1CppplQbZJS/JgrVI3x2CurNhEkmds/yqvDONfwfbttTtH4+q9Dzf/WVl3Opw==
  
  "@next/swc-win32-ia32-msvc@12.3.1":
    version "12.3.1"
    resolved "https://registry.yarnpkg.com/@next/swc-win32-ia32-msvc/-/swc-win32-ia32-msvc-12.3.1.tgz#52995748b92aa8ad053440301bc2c0d9fbcf27c2"
    integrity sha512-Kny5JBehkTbKPmqulr5i+iKntO5YMP+bVM8Hf8UAmjSMVo3wehyLVc9IZkNmcbxi+vwETnQvJaT5ynYBkJ9dWA==
  
  "@next/swc-win32-x64-msvc@12.3.1":
    version "12.3.1"
    resolved "https://registry.yarnpkg.com/@next/swc-win32-x64-msvc/-/swc-win32-x64-msvc-12.3.1.tgz#27d71a95247a9eaee03d47adee7e3bd594514136"
    integrity sha512-W1ijvzzg+kPEX6LAc+50EYYSEo0FVu7dmTE+t+DM4iOLqgGHoW9uYSz9wCVdkXOEEMP9xhXfGpcSxsfDucyPkA==
  
  "@popperjs/core@^2.9.3":
    version "2.11.6"
    resolved "https://registry.npmjs.org/@popperjs/core/-/core-2.11.6.tgz"
    integrity sha512-50/17A98tWUfQ176raKiOGXuYpLyyVMkxxG6oylzL3BPOlA6ADGdK7EYunSa4I064xerltq9TGXs8HmOk5E+vw==
  
  "@swc/helpers@0.4.11":
    version "0.4.11"
    resolved "https://registry.npmjs.org/@swc/helpers/-/helpers-0.4.11.tgz"
    integrity sha512-rEUrBSGIoSFuYxwBYtlUFMlE2CwGhmW+w9355/5oduSw8e5h2+Tj4UrAGNNgP9915++wj5vkQo0UuOBqOAq4nw==
    dependencies:
      tslib "^2.4.0"
  
  "@types/lodash.mergewith@4.6.6":
    version "4.6.6"
    resolved "https://registry.npmjs.org/@types/lodash.mergewith/-/lodash.mergewith-4.6.6.tgz"
    integrity sha512-RY/8IaVENjG19rxTZu9Nukqh0W2UrYgmBj5sdns4hWRZaV8PqR7wIKHFKzvOTjo4zVRV7sVI+yFhAJql12Kfqg==
    dependencies:
      "@types/lodash" "*"
  
  "@types/lodash@*":
    version "4.14.185"
    resolved "https://registry.npmjs.org/@types/lodash/-/lodash-4.14.185.tgz"
    integrity sha512-evMDG1bC4rgQg4ku9tKpuMh5iBNEwNa3tf9zRHdP1qlv+1WUg44xat4IxCE14gIpZRGUUWAx2VhItCZc25NfMA==
  
  "@types/node@^18.0.0":
    version "18.7.18"
    resolved "https://registry.npmjs.org/@types/node/-/node-18.7.18.tgz"
    integrity sha512-m+6nTEOadJZuTPkKR/SYK3A2d7FZrgElol9UP1Kae90VVU4a6mxnPuLiIW1m4Cq4gZ/nWb9GrdVXJCoCazDAbg==
  
  "@types/parse-json@^4.0.0":
    version "4.0.0"
    resolved "https://registry.npmjs.org/@types/parse-json/-/parse-json-4.0.0.tgz"
    integrity sha512-//oorEZjL6sbPcKUaCdIGlIUeH26mgzimjBB77G6XRgnDl/L5wOnpyBGRe/Mmf5CVW3PwEBE1NjiMZ/ssFh4wA==
  
  "@types/prop-types@*":
    version "15.7.5"
    resolved "https://registry.npmjs.org/@types/prop-types/-/prop-types-15.7.5.tgz"
    integrity sha512-JCB8C6SnDoQf0cNycqd/35A7MjcnK+ZTqE7judS6o7utxUCg6imJg3QK2qzHKszlTjcj2cn+NwMB2i96ubpj7w==
  
  "@types/react-dom@^18.0.0":
    version "18.0.6"
    resolved "https://registry.npmjs.org/@types/react-dom/-/react-dom-18.0.6.tgz"
    integrity sha512-/5OFZgfIPSwy+YuIBP/FgJnQnsxhZhjjrnxudMddeblOouIodEQ75X14Rr4wGSG/bknL+Omy9iWlLo1u/9GzAA==
    dependencies:
      "@types/react" "*"
  
  "@types/react@*", "@types/react@^18.0.0":
    version "18.0.20"
    resolved "https://registry.npmjs.org/@types/react/-/react-18.0.20.tgz"
    integrity sha512-MWul1teSPxujEHVwZl4a5HxQ9vVNsjTchVA+xRqv/VYGCuKGAU6UhfrTdF5aBefwD1BHUD8i/zq+O/vyCm/FrA==
    dependencies:
      "@types/prop-types" "*"
      "@types/scheduler" "*"
      csstype "^3.0.2"
  
  "@types/scheduler@*":
    version "0.16.2"
    resolved "https://registry.npmjs.org/@types/scheduler/-/scheduler-0.16.2.tgz"
    integrity sha512-hppQEBDmlwhFAXKJX2KnWLYu5yMfi91yazPb2l+lbJiwW+wdo1gNeRA+3RgNSO39WYX2euey41KEwnqesU2Jew==
  
  "@zag-js/element-size@0.1.0":
    version "0.1.0"
    resolved "https://registry.npmjs.org/@zag-js/element-size/-/element-size-0.1.0.tgz"
    integrity sha512-QF8wp0+V8++z+FHXiIw93+zudtubYszOtYbNgK39fg3pi+nCZtuSm4L1jC5QZMatNZ83MfOzyNCfgUubapagJQ==
  
  "@zag-js/focus-visible@0.1.0":
    version "0.1.0"
    resolved "https://registry.npmjs.org/@zag-js/focus-visible/-/focus-visible-0.1.0.tgz"
    integrity sha512-PeaBcTmdZWcFf7n1aM+oiOdZc+sy14qi0emPIeUuGMTjbP0xLGrZu43kdpHnWSXy7/r4Ubp/vlg50MCV8+9Isg==
  
  ansi-styles@^3.2.1:
    version "3.2.1"
    resolved "https://registry.npmjs.org/ansi-styles/-/ansi-styles-3.2.1.tgz"
    integrity sha512-VT0ZI6kZRdTh8YyJw3SMbYm/u+NqfsAxEpWO0Pf9sq8/e94WxxOpPKx9FR1FlyCtOVDNOQ+8ntlqFxiRc+r5qA==
    dependencies:
      color-convert "^1.9.0"
  
  aria-hidden@^1.1.1:
    version "1.2.1"
    resolved "https://registry.npmjs.org/aria-hidden/-/aria-hidden-1.2.1.tgz"
    integrity sha512-PN344VAf9j1EAi+jyVHOJ8XidQdPVssGco39eNcsGdM4wcsILtxrKLkbuiMfLWYROK1FjRQasMWCBttrhjnr6A==
    dependencies:
      tslib "^2.0.0"
  
  asynckit@^0.4.0:
    version "0.4.0"
    resolved "https://registry.yarnpkg.com/asynckit/-/asynckit-0.4.0.tgz#c79ed97f7f34cb8f2ba1bc9790bcc366474b4b79"
    integrity sha512-Oei9OH4tRh0YqU3GxhX79dM/mwVgvbZJaSNaRk+bshkj0S5cfHcgYakreBjrHwatXKbz+IoIdYLxrKim2MjW0Q==
  
  axios@^1.1.2:
    version "1.1.2"
    resolved "https://registry.yarnpkg.com/axios/-/axios-1.1.2.tgz#8b6f6c540abf44ab98d9904e8daf55351ca4a331"
    integrity sha512-bznQyETwElsXl2RK7HLLwb5GPpOLlycxHCtrpDR/4RqqBzjARaOTo3jz4IgtntWUYee7Ne4S8UHd92VCuzPaWA==
    dependencies:
      follow-redirects "^1.15.0"
      form-data "^4.0.0"
      proxy-from-env "^1.1.0"
  
  babel-plugin-macros@^3.1.0:
    version "3.1.0"
    resolved "https://registry.npmjs.org/babel-plugin-macros/-/babel-plugin-macros-3.1.0.tgz"
    integrity sha512-Cg7TFGpIr01vOQNODXOOaGz2NpCU5gl8x1qJFbb6hbZxR7XrcE2vtbAsTAbJ7/xwJtUuJEw8K8Zr/AE0LHlesg==
    dependencies:
      "@babel/runtime" "^7.12.5"
      cosmiconfig "^7.0.0"
      resolve "^1.19.0"
  
  callsites@^3.0.0:
    version "3.1.0"
    resolved "https://registry.npmjs.org/callsites/-/callsites-3.1.0.tgz"
    integrity sha512-P8BjAsXvZS+VIDUI11hHCQEv74YT67YUi5JJFNWIqL235sBmjX4+qx9Muvls5ivyNENctx46xQLQ3aTuE7ssaQ==
  
  caniuse-lite@^1.0.30001406:
    version "1.0.30001418"
    resolved "https://registry.npmjs.org/caniuse-lite/-/caniuse-lite-1.0.30001418.tgz"
    integrity sha512-oIs7+JL3K9JRQ3jPZjlH6qyYDp+nBTCais7hjh0s+fuBwufc7uZ7hPYMXrDOJhV360KGMTcczMRObk0/iMqZRg==
  
  chalk@^2.0.0:
    version "2.4.2"
    resolved "https://registry.npmjs.org/chalk/-/chalk-2.4.2.tgz"
    integrity sha512-Mti+f9lpJNcwF4tWV8/OrTTtF1gZi+f8FqlyAdouralcFWFQWF2+NgCHShjkCb+IFBLq9buZwE1xckQU4peSuQ==
    dependencies:
      ansi-styles "^3.2.1"
      escape-string-regexp "^1.0.5"
      supports-color "^5.3.0"
  
  color-convert@^1.9.0:
    version "1.9.3"
    resolved "https://registry.npmjs.org/color-convert/-/color-convert-1.9.3.tgz"
    integrity sha512-QfAUtd+vFdAtFQcC8CCyYt1fYWxSqAiK2cSD6zDB8N3cpsEBAvRxp9zOGg6G/SHHJYAT88/az/IuDGALsNVbGg==
    dependencies:
      color-name "1.1.3"
  
  color-name@1.1.3:
    version "1.1.3"
    resolved "https://registry.npmjs.org/color-name/-/color-name-1.1.3.tgz"
    integrity sha512-72fSenhMw2HZMTVHeCA9KCmpEIbzWiQsjN+BHcBbS9vr1mtt+vJjPdksIBNUmKAW8TFUDPJK5SUU3QhE9NEXDw==
  
  combined-stream@^1.0.8:
    version "1.0.8"
    resolved "https://registry.yarnpkg.com/combined-stream/-/combined-stream-1.0.8.tgz#c3d45a8b34fd730631a110a8a2520682b31d5a7f"
    integrity sha512-FQN4MRfuJeHf7cBbBMJFXhKSDq+2kAArBlmRBvcvFE5BB1HZKXtSFASDhdlz9zOYwxh8lDdnvmMOe/+5cdoEdg==
    dependencies:
      delayed-stream "~1.0.0"
  
  compute-scroll-into-view@1.0.14:
    version "1.0.14"
    resolved "https://registry.npmjs.org/compute-scroll-into-view/-/compute-scroll-into-view-1.0.14.tgz"
    integrity sha512-mKDjINe3tc6hGelUMNDzuhorIUZ7kS7BwyY0r2wQd2HOH2tRuJykiC06iSEX8y1TuhNzvz4GcJnK16mM2J1NMQ==
  
  convert-source-map@^1.5.0:
    version "1.8.0"
    resolved "https://registry.npmjs.org/convert-source-map/-/convert-source-map-1.8.0.tgz"
    integrity sha512-+OQdjP49zViI/6i7nIJpA8rAl4sV/JdPfU9nZs3VqOwGIgizICvuN2ru6fMd+4llL0tar18UYJXfZ/TWtmhUjA==
    dependencies:
      safe-buffer "~5.1.1"
  
  copy-to-clipboard@3.3.1:
    version "3.3.1"
    resolved "https://registry.npmjs.org/copy-to-clipboard/-/copy-to-clipboard-3.3.1.tgz"
    integrity sha512-i13qo6kIHTTpCm8/Wup+0b1mVWETvu2kIMzKoK8FpkLkFxlt0znUAHcMzox+T8sPlqtZXq3CulEjQHsYiGFJUw==
    dependencies:
      toggle-selection "^1.0.6"
  
  cosmiconfig@^7.0.0:
    version "7.0.1"
    resolved "https://registry.npmjs.org/cosmiconfig/-/cosmiconfig-7.0.1.tgz"
    integrity sha512-a1YWNUV2HwGimB7dU2s1wUMurNKjpx60HxBB6xUM8Re+2s1g1IIfJvFR0/iCF+XHdE0GMTKTuLR32UQff4TEyQ==
    dependencies:
      "@types/parse-json" "^4.0.0"
      import-fresh "^3.2.1"
      parse-json "^5.0.0"
      path-type "^4.0.0"
      yaml "^1.10.0"
  
  css-box-model@1.2.1:
    version "1.2.1"
    resolved "https://registry.npmjs.org/css-box-model/-/css-box-model-1.2.1.tgz"
    integrity sha512-a7Vr4Q/kd/aw96bnJG332W9V9LkJO69JRcaCYDUqjp6/z0w6VcZjgAcTbgFxEPfBgdnAwlh3iwu+hLopa+flJw==
    dependencies:
      tiny-invariant "^1.0.6"
  
  csstype@^3.0.11, csstype@^3.0.2:
    version "3.1.1"
    resolved "https://registry.npmjs.org/csstype/-/csstype-3.1.1.tgz"
    integrity sha512-DJR/VvkAvSZW9bTouZue2sSxDwdTN92uHjqeKVm+0dAqdfNykRzQ95tay8aXMBAAPpUiq4Qcug2L7neoRh2Egw==
  
  delayed-stream@~1.0.0:
    version "1.0.0"
    resolved "https://registry.yarnpkg.com/delayed-stream/-/delayed-stream-1.0.0.tgz#df3ae199acadfb7d440aaae0b29e2272b24ec619"
    integrity sha512-ZySD7Nf91aLB0RxL4KGrKHBXl7Eds1DAmEdcoVawXnLD7SDhpNgtuII2aAkg7a7QS41jxPSZ17p4VdGnMHk3MQ==
  
  detect-node-es@^1.1.0:
    version "1.1.0"
    resolved "https://registry.npmjs.org/detect-node-es/-/detect-node-es-1.1.0.tgz"
    integrity sha512-ypdmJU/TbBby2Dxibuv7ZLW3Bs1QEmM7nHjEANfohJLvE0XVujisn1qPJcZxg+qDucsr+bP6fLD1rPS3AhJ7EQ==
  
  error-ex@^1.3.1:
    version "1.3.2"
    resolved "https://registry.npmjs.org/error-ex/-/error-ex-1.3.2.tgz"
    integrity sha512-7dFHNmqeFSEt2ZBsCriorKnn3Z2pj+fd9kmI6QoWw4//DL+icEBfc0U7qJCisqrTsKTjw4fNFy2pW9OqStD84g==
    dependencies:
      is-arrayish "^0.2.1"
  
  escape-string-regexp@^1.0.5:
    version "1.0.5"
    resolved "https://registry.npmjs.org/escape-string-regexp/-/escape-string-regexp-1.0.5.tgz"
    integrity sha512-vbRorB5FUQWvla16U8R/qgaFIya2qGzwDrNmCZuYKrbdSUMG6I1ZCGQRefkRVhuOkIGVne7BQ35DSfo1qvJqFg==
  
  escape-string-regexp@^4.0.0:
    version "4.0.0"
    resolved "https://registry.npmjs.org/escape-string-regexp/-/escape-string-regexp-4.0.0.tgz"
    integrity sha512-TtpcNJ3XAzx3Gq8sWRzJaVajRs0uVxA2YAkdb1jm2YkPz4G6egUFAyA3n5vtEIZefPk5Wa4UXbKuS5fKkJWdgA==
  
  find-root@^1.1.0:
    version "1.1.0"
    resolved "https://registry.npmjs.org/find-root/-/find-root-1.1.0.tgz"
    integrity sha512-NKfW6bec6GfKc0SGx1e07QZY9PE99u0Bft/0rzSD5k3sO/vwkVUpDUKVm5Gpp5Ue3YfShPFTX2070tDs5kB9Ng==
  
  focus-lock@^0.11.2:
    version "0.11.2"
    resolved "https://registry.npmjs.org/focus-lock/-/focus-lock-0.11.2.tgz"
    integrity sha512-pZ2bO++NWLHhiKkgP1bEXHhR1/OjVcSvlCJ98aNJDFeb7H5OOQaO+SKOZle6041O9rv2tmbrO4JzClAvDUHf0g==
    dependencies:
      tslib "^2.0.3"
  
  follow-redirects@^1.15.0:
    version "1.15.2"
    resolved "https://registry.yarnpkg.com/follow-redirects/-/follow-redirects-1.15.2.tgz#b460864144ba63f2681096f274c4e57026da2c13"
    integrity sha512-VQLG33o04KaQ8uYi2tVNbdrWp1QWxNNea+nmIB4EVM28v0hmP17z7aG1+wAkNzVq4KeXTq3221ye5qTJP91JwA==
  
  form-data@^4.0.0:
    version "4.0.0"
    resolved "https://registry.yarnpkg.com/form-data/-/form-data-4.0.0.tgz#93919daeaf361ee529584b9b31664dc12c9fa452"
    integrity sha512-ETEklSGi5t0QMZuiXoA/Q6vcnxcLQP5vdugSpuAyi6SVGi2clPPp+xgEhuMaHC+zGgn31Kd235W35f7Hykkaww==
    dependencies:
      asynckit "^0.4.0"
      combined-stream "^1.0.8"
      mime-types "^2.1.12"
  
  framer-motion@^6.3.0:
    version "6.5.1"
    resolved "https://registry.npmjs.org/framer-motion/-/framer-motion-6.5.1.tgz"
    integrity sha512-o1BGqqposwi7cgDrtg0dNONhkmPsUFDaLcKXigzuTFC5x58mE8iyTazxSudFzmT6MEyJKfjjU8ItoMe3W+3fiw==
    dependencies:
      "@motionone/dom" "10.12.0"
      framesync "6.0.1"
      hey-listen "^1.0.8"
      popmotion "11.0.3"
      style-value-types "5.0.0"
      tslib "^2.1.0"
    optionalDependencies:
      "@emotion/is-prop-valid" "^0.8.2"
  
  framesync@5.3.0:
    version "5.3.0"
    resolved "https://registry.npmjs.org/framesync/-/framesync-5.3.0.tgz"
    integrity sha512-oc5m68HDO/tuK2blj7ZcdEBRx3p1PjrgHazL8GYEpvULhrtGIFbQArN6cQS2QhW8mitffaB+VYzMjDqBxxQeoA==
    dependencies:
      tslib "^2.1.0"
  
  framesync@6.0.1:
    version "6.0.1"
    resolved "https://registry.npmjs.org/framesync/-/framesync-6.0.1.tgz"
    integrity sha512-fUY88kXvGiIItgNC7wcTOl0SNRCVXMKSWW2Yzfmn7EKNc+MpCzcz9DhdHcdjbrtN3c6R4H5dTY2jiCpPdysEjA==
    dependencies:
      tslib "^2.1.0"
  
  function-bind@^1.1.1:
    version "1.1.1"
    resolved "https://registry.npmjs.org/function-bind/-/function-bind-1.1.1.tgz"
    integrity sha512-yIovAzMX49sF8Yl58fSCWJ5svSLuaibPxXQJFLmBObTuCr0Mf1KiPopGM9NiFjiYBCbfaa2Fh6breQ6ANVTI0A==
  
  get-nonce@^1.0.0:
    version "1.0.1"
    resolved "https://registry.npmjs.org/get-nonce/-/get-nonce-1.0.1.tgz"
    integrity sha512-FJhYRoDaiatfEkUK8HKlicmu/3SGFD51q3itKDGoSTysQJBnfOcxU5GxnhE1E6soB76MbT0MBtnKJuXyAx+96Q==
  
  has-flag@^3.0.0:
    version "3.0.0"
    resolved "https://registry.npmjs.org/has-flag/-/has-flag-3.0.0.tgz"
    integrity sha512-sKJf1+ceQBr4SMkvQnBDNDtf4TXpVhVGateu0t918bl30FnbE2m4vNLX+VWe/dpjlb+HugGYzW7uQXH98HPEYw==
  
  has@^1.0.3:
    version "1.0.3"
    resolved "https://registry.npmjs.org/has/-/has-1.0.3.tgz"
    integrity sha512-f2dvO0VU6Oej7RkWJGrehjbzMAjFp5/VKPp5tTpWIV4JHHZK1/BxbFRtf/siA2SWTe09caDmVtYYzWEIbBS4zw==
    dependencies:
      function-bind "^1.1.1"
  
  hey-listen@^1.0.8:
    version "1.0.8"
    resolved "https://registry.npmjs.org/hey-listen/-/hey-listen-1.0.8.tgz"
    integrity sha512-COpmrF2NOg4TBWUJ5UVyaCU2A88wEMkUPK4hNqyCkqHbxT92BbvfjoSozkAIIm6XhicGlJHhFdullInrdhwU8Q==
  
  hoist-non-react-statics@^3.3.1:
    version "3.3.2"
    resolved "https://registry.npmjs.org/hoist-non-react-statics/-/hoist-non-react-statics-3.3.2.tgz"
    integrity sha512-/gGivxi8JPKWNm/W0jSmzcMPpfpPLc3dY/6GxhX2hQ9iGj3aDfklV4ET7NjKpSinLpJ5vafa9iiGIEZg10SfBw==
    dependencies:
      react-is "^16.7.0"
  
  import-fresh@^3.2.1:
    version "3.3.0"
    resolved "https://registry.npmjs.org/import-fresh/-/import-fresh-3.3.0.tgz"
    integrity sha512-veYYhQa+D1QBKznvhUHxb8faxlrwUnxseDAbAp457E0wLNio2bOSKnjYDhMj+YiAq61xrMGhQk9iXVk5FzgQMw==
    dependencies:
      parent-module "^1.0.0"
      resolve-from "^4.0.0"
  
  invariant@^2.2.4:
    version "2.2.4"
    resolved "https://registry.npmjs.org/invariant/-/invariant-2.2.4.tgz"
    integrity sha512-phJfQVBuaJM5raOpJjSfkiD6BpbCE4Ns//LaXl6wGYtUBY83nWS6Rf9tXm2e8VaK60JEjYldbPif/A2B1C2gNA==
    dependencies:
      loose-envify "^1.0.0"
  
  is-arrayish@^0.2.1:
    version "0.2.1"
    resolved "https://registry.npmjs.org/is-arrayish/-/is-arrayish-0.2.1.tgz"
    integrity sha512-zz06S8t0ozoDXMG+ube26zeCTNXcKIPJZJi8hBrF4idCLms4CG9QtK7qBl1boi5ODzFpjswb5JPmHCbMpjaYzg==
  
  is-core-module@^2.9.0:
    version "2.10.0"
    resolved "https://registry.npmjs.org/is-core-module/-/is-core-module-2.10.0.tgz"
    integrity sha512-Erxj2n/LDAZ7H8WNJXd9tw38GYM3dv8rk8Zcs+jJuxYTW7sozH+SS8NtrSjVL1/vpLvWi1hxy96IzjJ3EHTJJg==
    dependencies:
      has "^1.0.3"
  
  "js-tokens@^3.0.0 || ^4.0.0", js-tokens@^4.0.0:
    version "4.0.0"
    resolved "https://registry.npmjs.org/js-tokens/-/js-tokens-4.0.0.tgz"
    integrity sha512-RdJUflcE3cUzKiMqQgsCu06FPu9UdIJO0beYbPhHN4k6apgJtifcoCtT9bcxOpYBtpD2kCM6Sbzg4CausW/PKQ==
  
  json-parse-even-better-errors@^2.3.0:
    version "2.3.1"
    resolved "https://registry.npmjs.org/json-parse-even-better-errors/-/json-parse-even-better-errors-2.3.1.tgz"
    integrity sha512-xyFwyhro/JEof6Ghe2iz2NcXoj2sloNsWr/XsERDK/oiPCfaNhl5ONfp+jQdAZRQQ0IJWNzH9zIZF7li91kh2w==
  
  lines-and-columns@^1.1.6:
    version "1.2.4"
    resolved "https://registry.npmjs.org/lines-and-columns/-/lines-and-columns-1.2.4.tgz"
    integrity sha512-7ylylesZQ/PV29jhEDl3Ufjo6ZX7gCqJr5F7PKrqc93v7fzSymt1BpwEU8nAUXs8qzzvqhbjhK5QZg6Mt/HkBg==
  
  lodash.debounce@^4.0.8:
    version "4.0.8"
    resolved "https://registry.npmjs.org/lodash.debounce/-/lodash.debounce-4.0.8.tgz"
    integrity sha512-FT1yDzDYEoYWhnSGnpE/4Kj1fLZkDFyqRb7fNt6FdYOSxlUWAtp42Eh6Wb0rGIv/m9Bgo7x4GhQbm5Ys4SG5ow==
  
  lodash.mergewith@4.6.2:
    version "4.6.2"
    resolved "https://registry.npmjs.org/lodash.mergewith/-/lodash.mergewith-4.6.2.tgz"
    integrity sha512-GK3g5RPZWTRSeLSpgP8Xhra+pnjBC56q9FZYe1d5RN3TJ35dbkGy3YqBSMbyCrlbi+CM9Z3Jk5yTL7RCsqboyQ==
  
  loose-envify@^1.0.0, loose-envify@^1.1.0, loose-envify@^1.4.0:
    version "1.4.0"
    resolved "https://registry.npmjs.org/loose-envify/-/loose-envify-1.4.0.tgz"
    integrity sha512-lyuxPGr/Wfhrlem2CL/UcnUc1zcqKAImBDzukY7Y5F/yQiNdko6+fRLevlw1HgMySw7f611UIY408EtxRSoK3Q==
    dependencies:
      js-tokens "^3.0.0 || ^4.0.0"
  
  mime-db@1.52.0:
    version "1.52.0"
    resolved "https://registry.yarnpkg.com/mime-db/-/mime-db-1.52.0.tgz#bbabcdc02859f4987301c856e3387ce5ec43bf70"
    integrity sha512-sPU4uV7dYlvtWJxwwxHD0PuihVNiE7TyAbQ5SWxDCB9mUYvOgroQOwYQQOKPJ8CIbE+1ETVlOoK1UC2nU3gYvg==
  
  mime-types@^2.1.12:
    version "2.1.35"
    resolved "https://registry.yarnpkg.com/mime-types/-/mime-types-2.1.35.tgz#381a871b62a734450660ae3deee44813f70d959a"
    integrity sha512-ZDY+bPm5zTTF+YpCrAU9nK0UgICYPT0QtT1NZWFv4s++TNkcgVaT0g6+4R2uI4MjQjzysHB1zxuWL50hzaeXiw==
    dependencies:
      mime-db "1.52.0"
  
  nanoid@^3.3.4:
    version "3.3.4"
    resolved "https://registry.npmjs.org/nanoid/-/nanoid-3.3.4.tgz"
    integrity sha512-MqBkQh/OHTS2egovRtLk45wEyNXwF+cokD+1YPf9u5VfJiRdAiRwB2froX5Co9Rh20xs4siNPm8naNotSD6RBw==
  
  next@latest:
    version "12.3.1"
    resolved "https://registry.npmjs.org/next/-/next-12.3.1.tgz"
    integrity sha512-l7bvmSeIwX5lp07WtIiP9u2ytZMv7jIeB8iacR28PuUEFG5j0HGAPnMqyG5kbZNBG2H7tRsrQ4HCjuMOPnANZw==
    dependencies:
      "@next/env" "12.3.1"
      "@swc/helpers" "0.4.11"
      caniuse-lite "^1.0.30001406"
      postcss "8.4.14"
      styled-jsx "5.0.7"
      use-sync-external-store "1.2.0"
    optionalDependencies:
      "@next/swc-android-arm-eabi" "12.3.1"
      "@next/swc-android-arm64" "12.3.1"
      "@next/swc-darwin-arm64" "12.3.1"
      "@next/swc-darwin-x64" "12.3.1"
      "@next/swc-freebsd-x64" "12.3.1"
      "@next/swc-linux-arm-gnueabihf" "12.3.1"
      "@next/swc-linux-arm64-gnu" "12.3.1"
      "@next/swc-linux-arm64-musl" "12.3.1"
      "@next/swc-linux-x64-gnu" "12.3.1"
      "@next/swc-linux-x64-musl" "12.3.1"
      "@next/swc-win32-arm64-msvc" "12.3.1"
      "@next/swc-win32-ia32-msvc" "12.3.1"
      "@next/swc-win32-x64-msvc" "12.3.1"
  
  object-assign@^4.1.1:
    version "4.1.1"
    resolved "https://registry.npmjs.org/object-assign/-/object-assign-4.1.1.tgz"
    integrity sha512-rJgTQnkUnH1sFw8yT6VSU3zD3sWmu6sZhIseY8VX+GRu3P6F7Fu+JNDoXfklElbLJSnc3FUQHVe4cU5hj+BcUg==
  
  parent-module@^1.0.0:
    version "1.0.1"
    resolved "https://registry.npmjs.org/parent-module/-/parent-module-1.0.1.tgz"
    integrity sha512-GQ2EWRpQV8/o+Aw8YqtfZZPfNRWZYkbidE9k5rpl/hC3vtHHBfGm2Ifi6qWV+coDGkrUKZAxE3Lot5kcsRlh+g==
    dependencies:
      callsites "^3.0.0"
  
  parse-json@^5.0.0:
    version "5.2.0"
    resolved "https://registry.npmjs.org/parse-json/-/parse-json-5.2.0.tgz"
    integrity sha512-ayCKvm/phCGxOkYRSCM82iDwct8/EonSEgCSxWxD7ve6jHggsFl4fZVQBPRNgQoKiuV/odhFrGzQXZwbifC8Rg==
    dependencies:
      "@babel/code-frame" "^7.0.0"
      error-ex "^1.3.1"
      json-parse-even-better-errors "^2.3.0"
      lines-and-columns "^1.1.6"
  
  path-parse@^1.0.7:
    version "1.0.7"
    resolved "https://registry.npmjs.org/path-parse/-/path-parse-1.0.7.tgz"
    integrity sha512-LDJzPVEEEPR+y48z93A0Ed0yXb8pAByGWo/k5YYdYgpY2/2EsOsksJrq7lOHxryrVOn1ejG6oAp8ahvOIQD8sw==
  
  path-type@^4.0.0:
    version "4.0.0"
    resolved "https://registry.npmjs.org/path-type/-/path-type-4.0.0.tgz"
    integrity sha512-gDKb8aZMDeD/tZWs9P6+q0J9Mwkdl6xMV8TjnGP3qJVJ06bdMgkbBlLU8IdfOsIsFz2BW1rNVT3XuNEl8zPAvw==
  
  picocolors@^1.0.0:
    version "1.0.0"
    resolved "https://registry.npmjs.org/picocolors/-/picocolors-1.0.0.tgz"
    integrity sha512-1fygroTLlHu66zi26VoTDv8yRgm0Fccecssto+MhsZ0D/DGW2sm8E8AjW7NU5VVTRt5GxbeZ5qBuJr+HyLYkjQ==
  
  popmotion@11.0.3:
    version "11.0.3"
    resolved "https://registry.npmjs.org/popmotion/-/popmotion-11.0.3.tgz"
    integrity sha512-Y55FLdj3UxkR7Vl3s7Qr4e9m0onSnP8W7d/xQLsoJM40vs6UKHFdygs6SWryasTZYqugMjm3BepCF4CWXDiHgA==
    dependencies:
      framesync "6.0.1"
      hey-listen "^1.0.8"
      style-value-types "5.0.0"
      tslib "^2.1.0"
  
  postcss@8.4.14:
    version "8.4.14"
    resolved "https://registry.npmjs.org/postcss/-/postcss-8.4.14.tgz"
    integrity sha512-E398TUmfAYFPBSdzgeieK2Y1+1cpdxJx8yXbK/m57nRhKSmk1GB2tO4lbLBtlkfPQTDKfe4Xqv1ASWPpayPEig==
    dependencies:
      nanoid "^3.3.4"
      picocolors "^1.0.0"
      source-map-js "^1.0.2"
  
  prop-types@^15.6.2:
    version "15.8.1"
    resolved "https://registry.npmjs.org/prop-types/-/prop-types-15.8.1.tgz"
    integrity sha512-oj87CgZICdulUohogVAR7AjlC0327U4el4L6eAvOqCeudMDVU0NThNaV+b9Df4dXgSP1gXMTnPdhfe/2qDH5cg==
    dependencies:
      loose-envify "^1.4.0"
      object-assign "^4.1.1"
      react-is "^16.13.1"
  
  proxy-from-env@^1.1.0:
    version "1.1.0"
    resolved "https://registry.yarnpkg.com/proxy-from-env/-/proxy-from-env-1.1.0.tgz#e102f16ca355424865755d2c9e8ea4f24d58c3e2"
    integrity sha512-D+zkORCbA9f1tdWRK0RaCR3GPv50cMxcrz4X8k5LTSUD1Dkw47mKJEZQNunItRTkWwgtaUSo1RVFRIG9ZXiFYg==
  
  react-clientside-effect@^1.2.6:
    version "1.2.6"
    resolved "https://registry.npmjs.org/react-clientside-effect/-/react-clientside-effect-1.2.6.tgz"
    integrity sha512-XGGGRQAKY+q25Lz9a/4EPqom7WRjz3z9R2k4jhVKA/puQFH/5Nt27vFZYql4m4NVNdUvX8PS3O7r/Zzm7cjUlg==
    dependencies:
      "@babel/runtime" "^7.12.13"
  
  react-dom@^18.2.0:
    version "18.2.0"
    resolved "https://registry.npmjs.org/react-dom/-/react-dom-18.2.0.tgz"
    integrity sha512-6IMTriUmvsjHUjNtEDudZfuDQUoWXVxKHhlEGSk81n4YFS+r/Kl99wXiwlVXtPBtJenozv2P+hxDsw9eA7Xo6g==
    dependencies:
      loose-envify "^1.1.0"
      scheduler "^0.23.0"
  
  react-fast-compare@3.2.0:
    version "3.2.0"
    resolved "https://registry.npmjs.org/react-fast-compare/-/react-fast-compare-3.2.0.tgz"
    integrity sha512-rtGImPZ0YyLrscKI9xTpV8psd6I8VAtjKCzQDlzyDvqJA8XOW78TXYQwNRNd8g8JZnDu8q9Fu/1v4HPAVwVdHA==
  
  react-focus-lock@^2.9.1:
    version "2.9.1"
    resolved "https://registry.npmjs.org/react-focus-lock/-/react-focus-lock-2.9.1.tgz"
    integrity sha512-pSWOQrUmiKLkffPO6BpMXN7SNKXMsuOakl652IBuALAu1esk+IcpJyM+ALcYzPTTFz1rD0R54aB9A4HuP5t1Wg==
    dependencies:
      "@babel/runtime" "^7.0.0"
      focus-lock "^0.11.2"
      prop-types "^15.6.2"
      react-clientside-effect "^1.2.6"
      use-callback-ref "^1.3.0"
      use-sidecar "^1.1.2"
  
  react-is@^16.13.1, react-is@^16.7.0:
    version "16.13.1"
    resolved "https://registry.npmjs.org/react-is/-/react-is-16.13.1.tgz"
    integrity sha512-24e6ynE2H+OKt4kqsOvNd8kBpV65zoxbA4BVsEOB3ARVWQki/DHzaUoC5KuON/BiccDaCCTZBuOcfZs70kR8bQ==
  
  react-remove-scroll-bar@^2.3.3:
    version "2.3.3"
    resolved "https://registry.npmjs.org/react-remove-scroll-bar/-/react-remove-scroll-bar-2.3.3.tgz"
    integrity sha512-i9GMNWwpz8XpUpQ6QlevUtFjHGqnPG4Hxs+wlIJntu/xcsZVEpJcIV71K3ZkqNy2q3GfgvkD7y6t/Sv8ofYSbw==
    dependencies:
      react-style-singleton "^2.2.1"
      tslib "^2.0.0"
  
  react-remove-scroll@^2.5.4:
    version "2.5.5"
    resolved "https://registry.npmjs.org/react-remove-scroll/-/react-remove-scroll-2.5.5.tgz"
    integrity sha512-ImKhrzJJsyXJfBZ4bzu8Bwpka14c/fQt0k+cyFp/PBhTfyDnU5hjOtM4AG/0AMyy8oKzOTR0lDgJIM7pYXI0kw==
    dependencies:
      react-remove-scroll-bar "^2.3.3"
      react-style-singleton "^2.2.1"
      tslib "^2.1.0"
      use-callback-ref "^1.3.0"
      use-sidecar "^1.1.2"
  
  react-style-singleton@^2.2.1:
    version "2.2.1"
    resolved "https://registry.npmjs.org/react-style-singleton/-/react-style-singleton-2.2.1.tgz"
    integrity sha512-ZWj0fHEMyWkHzKYUr2Bs/4zU6XLmq9HsgBURm7g5pAVfyn49DgUiNgY2d4lXRlYSiCif9YBGpQleewkcqddc7g==
    dependencies:
      get-nonce "^1.0.0"
      invariant "^2.2.4"
      tslib "^2.0.0"
  
  react@^18.2.0:
    version "18.2.0"
    resolved "https://registry.npmjs.org/react/-/react-18.2.0.tgz"
    integrity sha512-/3IjMdb2L9QbBdWiW5e3P2/npwMBaU9mHCSCUzNln0ZCYbcfTsGbTJrU/kGemdH2IWmB2ioZ+zkxtmq6g09fGQ==
    dependencies:
      loose-envify "^1.1.0"
  
  regenerator-runtime@^0.13.4:
    version "0.13.9"
    resolved "https://registry.npmjs.org/regenerator-runtime/-/regenerator-runtime-0.13.9.tgz"
    integrity sha512-p3VT+cOEgxFsRRA9X4lkI1E+k2/CtnKtU4gcxyaCUreilL/vqI6CdZ3wxVUx3UOUg+gnUOQQcRI7BmSI656MYA==
  
  resolve-from@^4.0.0:
    version "4.0.0"
    resolved "https://registry.npmjs.org/resolve-from/-/resolve-from-4.0.0.tgz"
    integrity sha512-pb/MYmXstAkysRFx8piNI1tGFNQIFA3vkE3Gq4EuA1dF6gHp/+vgZqsCGJapvy8N3Q+4o7FwvquPJcnZ7RYy4g==
  
  resolve@^1.19.0:
    version "1.22.1"
    resolved "https://registry.npmjs.org/resolve/-/resolve-1.22.1.tgz"
    integrity sha512-nBpuuYuY5jFsli/JIs1oldw6fOQCBioohqWZg/2hiaOybXOft4lonv85uDOKXdf8rhyK159cxU5cDcK/NKk8zw==
    dependencies:
      is-core-module "^2.9.0"
      path-parse "^1.0.7"
      supports-preserve-symlinks-flag "^1.0.0"
  
  safe-buffer@~5.1.1:
    version "5.1.2"
    resolved "https://registry.npmjs.org/safe-buffer/-/safe-buffer-5.1.2.tgz"
    integrity sha512-Gd2UZBJDkXlY7GbJxfsE8/nvKkUEU1G38c1siN6QP6a9PT9MmHB8GnpscSmMJSoF8LOIrt8ud/wPtojys4G6+g==
  
  scheduler@^0.23.0:
    version "0.23.0"
    resolved "https://registry.npmjs.org/scheduler/-/scheduler-0.23.0.tgz"
    integrity sha512-CtuThmgHNg7zIZWAXi3AsyIzA3n4xx7aNyjwC2VJldO2LMVDhFK+63xGqq6CsJH4rTAt6/M+N4GhZiDYPx9eUw==
    dependencies:
      loose-envify "^1.1.0"
  
  source-map-js@^1.0.2:
    version "1.0.2"
    resolved "https://registry.npmjs.org/source-map-js/-/source-map-js-1.0.2.tgz"
    integrity sha512-R0XvVJ9WusLiqTCEiGCmICCMplcCkIwwR11mOSD9CR5u+IXYdiseeEuXCVAjS54zqwkLcPNnmU4OeJ6tUrWhDw==
  
  source-map@^0.5.7:
    version "0.5.7"
    resolved "https://registry.npmjs.org/source-map/-/source-map-0.5.7.tgz"
    integrity sha512-LbrmJOMUSdEVxIKvdcJzQC+nQhe8FUZQTXQy6+I75skNgn3OoQ0DZA8YnFa7gp8tqtL3KPf1kmo0R5DoApeSGQ==
  
  style-value-types@5.0.0:
    version "5.0.0"
    resolved "https://registry.npmjs.org/style-value-types/-/style-value-types-5.0.0.tgz"
    integrity sha512-08yq36Ikn4kx4YU6RD7jWEv27v4V+PUsOGa4n/as8Et3CuODMJQ00ENeAVXAeydX4Z2j1XHZF1K2sX4mGl18fA==
    dependencies:
      hey-listen "^1.0.8"
      tslib "^2.1.0"
  
  styled-jsx@5.0.7:
    version "5.0.7"
    resolved "https://registry.npmjs.org/styled-jsx/-/styled-jsx-5.0.7.tgz"
    integrity sha512-b3sUzamS086YLRuvnaDigdAewz1/EFYlHpYBP5mZovKEdQQOIIYq8lApylub3HHZ6xFjV051kkGU7cudJmrXEA==
  
  stylis@4.0.13:
    version "4.0.13"
    resolved "https://registry.npmjs.org/stylis/-/stylis-4.0.13.tgz"
    integrity sha512-xGPXiFVl4YED9Jh7Euv2V220mriG9u4B2TA6Ybjc1catrstKD2PpIdU3U0RKpkVBC2EhmL/F0sPCr9vrFTNRag==
  
  supports-color@^5.3.0:
    version "5.5.0"
    resolved "https://registry.npmjs.org/supports-color/-/supports-color-5.5.0.tgz"
    integrity sha512-QjVjwdXIt408MIiAqCX4oUKsgU2EqAGzs2Ppkm4aQYbjm+ZEWEcW4SfFNTr4uMNZma0ey4f5lgLrkB0aX0QMow==
    dependencies:
      has-flag "^3.0.0"
  
  supports-preserve-symlinks-flag@^1.0.0:
    version "1.0.0"
    resolved "https://registry.npmjs.org/supports-preserve-symlinks-flag/-/supports-preserve-symlinks-flag-1.0.0.tgz"
    integrity sha512-ot0WnXS9fgdkgIcePe6RHNk1WA8+muPa6cSjeR3V8K27q9BB1rTE3R1p7Hv0z1ZyAc8s6Vvv8DIyWf681MAt0w==
  
  tiny-invariant@^1.0.6:
    version "1.2.0"
    resolved "https://registry.npmjs.org/tiny-invariant/-/tiny-invariant-1.2.0.tgz"
    integrity sha512-1Uhn/aqw5C6RI4KejVeTg6mIS7IqxnLJ8Mv2tV5rTc0qWobay7pDUz6Wi392Cnc8ak1H0F2cjoRzb2/AW4+Fvg==
  
  to-fast-properties@^2.0.0:
    version "2.0.0"
    resolved "https://registry.npmjs.org/to-fast-properties/-/to-fast-properties-2.0.0.tgz"
    integrity sha512-/OaKK0xYrs3DmxRYqL/yDc+FxFUVYhDlXMhRmv3z915w2HF1tnN1omB354j8VUGO/hbRzyD6Y3sA7v7GS/ceog==
  
  toggle-selection@^1.0.6:
    version "1.0.6"
    resolved "https://registry.npmjs.org/toggle-selection/-/toggle-selection-1.0.6.tgz"
    integrity sha512-BiZS+C1OS8g/q2RRbJmy59xpyghNBqrr6k5L/uKBGRsTfxmu3ffiRnd8mlGPUVayg8pvfi5urfnu8TU7DVOkLQ==
  
  tslib@^2.0.0, tslib@^2.0.3, tslib@^2.1.0, tslib@^2.3.1, tslib@^2.4.0:
    version "2.4.0"
    resolved "https://registry.npmjs.org/tslib/-/tslib-2.4.0.tgz"
    integrity sha512-d6xOpEDfsi2CZVlPQzGeux8XMwLT9hssAsaPYExaQMuYskwb+x1x7J371tWlbBdWHroy99KnVB6qIkUbs5X3UQ==
  
  typescript@^4.7.2:
    version "4.8.3"
    resolved "https://registry.npmjs.org/typescript/-/typescript-4.8.3.tgz"
    integrity sha512-goMHfm00nWPa8UvR/CPSvykqf6dVV8x/dp0c5mFTMTIu0u0FlGWRioyy7Nn0PGAdHxpJZnuO/ut+PpQ8UiHAig==
  
  use-callback-ref@^1.3.0:
    version "1.3.0"
    resolved "https://registry.npmjs.org/use-callback-ref/-/use-callback-ref-1.3.0.tgz"
    integrity sha512-3FT9PRuRdbB9HfXhEq35u4oZkvpJ5kuYbpqhCfmiZyReuRgpnhDlbr2ZEnnuS0RrJAPn6l23xjFg9kpDM+Ms7w==
    dependencies:
      tslib "^2.0.0"
  
  use-sidecar@^1.1.2:
    version "1.1.2"
    resolved "https://registry.npmjs.org/use-sidecar/-/use-sidecar-1.1.2.tgz"
    integrity sha512-epTbsLuzZ7lPClpz2TyryBfztm7m+28DlEv2ZCQ3MDr5ssiwyOwGH/e5F9CkfWjJ1t4clvI58yF822/GUkjjhw==
    dependencies:
      detect-node-es "^1.1.0"
      tslib "^2.0.0"
  
  use-sync-external-store@1.2.0:
    version "1.2.0"
    resolved "https://registry.npmjs.org/use-sync-external-store/-/use-sync-external-store-1.2.0.tgz"
    integrity sha512-eEgnFxGQ1Ife9bzYs6VLi8/4X6CObHMw9Qr9tPY43iKwsPw8xE8+EFsf/2cFZ5S3esXgpWgtSCtLNS41F+sKPA==
  
  yaml@^1.10.0:
    version "1.10.2"
    resolved "https://registry.npmjs.org/yaml/-/yaml-1.10.2.tgz"
    integrity sha512-r3vXyErRCYJ7wg28yvBY5VSoAF8ZvlcW9/BwUzEtUsjvX/DKs24dIkuwjtuprwJJHsbyUbLApepYTR1BN4uHrg==
